<?xml version="1.0" encoding="UTF-8"?>
<testsuite name="filtroOpencart" tests="3" skipped="0" failures="1" errors="0" timestamp="2022-05-04T22:39:12" hostname="DESKTOP-1EP5HQ0" time="67.762">
  <properties/>
  <testcase name="As a user, I want to consult through filters the information of the Product Returns" classname="filtroOpencart" time="26.377"/>
  <testcase name="As a user, I want to consult through filters the information of the Product Returns" classname="filtroOpencart" time="22.475">
    <failure message="net.thucydides.core.webdriver.exceptions.ElementShouldBeEnabledException: Expected enabled element was not enabled" type="net.thucydides.core.webdriver.exceptions.ElementShouldBeEnabledException">net.thucydides.core.webdriver.exceptions.ElementShouldBeEnabledException: Expected enabled element was not enabled
	at net.serenitybdd.core.pages.WebElementFacadeImpl.waitUntilEnabled(WebElementFacadeImpl.java:1149)
	at net.serenitybdd.core.pages.WebElementFacadeImpl.waitUntilElementAvailable(WebElementFacadeImpl.java:954)
	at net.serenitybdd.core.pages.WebElementFacadeImpl.type(WebElementFacadeImpl.java:811)
	at net.serenitybdd.screenplay.actions.EnterValueIntoTarget.performAs(EnterValueIntoTarget.java:18)
	at net.serenitybdd.screenplay.actions.EnterValueIntoTarget$ByteBuddy$hVTELmEY.performAs$accessor$A5H9x9Qj(Unknown Source)
	at sun.reflect.NativeMethodAccessorImpl.invoke0(Native Method)
	at sun.reflect.NativeMethodAccessorImpl.invoke(NativeMethodAccessorImpl.java:62)
	at sun.reflect.DelegatingMethodAccessorImpl.invoke(DelegatingMethodAccessorImpl.java:43)
	at java.lang.reflect.Method.invoke(Method.java:498)
	at net.thucydides.core.steps.StepInterceptor.invokeMethod(StepInterceptor.java:471)
	at net.thucydides.core.steps.StepInterceptor.executeTestStepMethod(StepInterceptor.java:451)
	at net.thucydides.core.steps.StepInterceptor.runTestStep(StepInterceptor.java:424)
	at net.thucydides.core.steps.StepInterceptor.runOrSkipMethod(StepInterceptor.java:180)
	at net.thucydides.core.steps.StepInterceptor.testStepResult(StepInterceptor.java:167)
	at net.thucydides.core.steps.StepInterceptor.intercept(StepInterceptor.java:75)
	at net.serenitybdd.screenplay.actions.EnterValueIntoTarget$ByteBuddy$hVTELmEY.performAs(Unknown Source)
	at net.serenitybdd.screenplay.Actor.performTask(Actor.java:233)
	at net.serenitybdd.screenplay.Actor.perform(Actor.java:214)
	at net.serenitybdd.screenplay.Actor.attemptsTo(Actor.java:171)
	at co.com.choucair.certification.retoopencart.taks.FiltroOpencart.performAs(FiltroOpencart.java:45)
	at co.com.choucair.certification.retoopencart.taks.FiltroOpencart$ByteBuddy$NONLuU9o.performAs$accessor$Q3F5ENb0(Unknown Source)
	at sun.reflect.NativeMethodAccessorImpl.invoke0(Native Method)
	at sun.reflect.NativeMethodAccessorImpl.invoke(NativeMethodAccessorImpl.java:62)
	at sun.reflect.DelegatingMethodAccessorImpl.invoke(DelegatingMethodAccessorImpl.java:43)
	at java.lang.reflect.Method.invoke(Method.java:498)
	at net.thucydides.core.steps.StepInterceptor.invokeMethod(StepInterceptor.java:471)
	at net.thucydides.core.steps.StepInterceptor.executeTestStepMethod(StepInterceptor.java:451)
	at net.thucydides.core.steps.StepInterceptor.runTestStep(StepInterceptor.java:424)
	at net.thucydides.core.steps.StepInterceptor.runOrSkipMethod(StepInterceptor.java:180)
	at net.thucydides.core.steps.StepInterceptor.testStepResult(StepInterceptor.java:167)
	at net.thucydides.core.steps.StepInterceptor.intercept(StepInterceptor.java:75)
	at co.com.choucair.certification.retoopencart.taks.FiltroOpencart$ByteBuddy$NONLuU9o.performAs(Unknown Source)
	at net.serenitybdd.screenplay.Actor.performTask(Actor.java:233)
	at net.serenitybdd.screenplay.Actor.perform(Actor.java:214)
	at net.serenitybdd.screenplay.Actor.attemptsTo(Actor.java:171)
	at co.com.choucair.certification.retoopencart.stepdefinitions.FiltroOpencartStepDefinitions.consultTheInformationOfTheProductReturnDepartment(FiltroOpencartStepDefinitions.java:26)
	at âœ½.Consult the information of the product return department(src/test/resources/features/filtroOpencart.feature:8)
Caused by: org.openqa.selenium.TimeoutException: Expected condition failed: waiting for By.id: input-return-id to be enabled (tried for 5 second(s) with 100 milliseconds interval)
	at org.openqa.selenium.support.ui.FluentWait.timeoutException(FluentWait.java:304)
	at org.openqa.selenium.support.ui.FluentWait.until(FluentWait.java:272)
	at net.serenitybdd.core.pages.WebElementFacadeImpl.waitUntilEnabled(WebElementFacadeImpl.java:1146)
	at net.serenitybdd.core.pages.WebElementFacadeImpl.waitUntilElementAvailable(WebElementFacadeImpl.java:954)
	at net.serenitybdd.core.pages.WebElementFacadeImpl.type(WebElementFacadeImpl.java:811)
	at net.serenitybdd.screenplay.actions.EnterValueIntoTarget.performAs(EnterValueIntoTarget.java:18)
	at net.serenitybdd.screenplay.actions.EnterValueIntoTarget$ByteBuddy$hVTELmEY.performAs$accessor$A5H9x9Qj(Unknown Source)
	at sun.reflect.NativeMethodAccessorImpl.invoke0(Native Method)
	at sun.reflect.NativeMethodAccessorImpl.invoke(NativeMethodAccessorImpl.java:62)
	at sun.reflect.DelegatingMethodAccessorImpl.invoke(DelegatingMethodAccessorImpl.java:43)
	at java.lang.reflect.Method.invoke(Method.java:498)
	at net.thucydides.core.steps.StepInterceptor.invokeMethod(StepInterceptor.java:471)
	at net.thucydides.core.steps.StepInterceptor.executeTestStepMethod(StepInterceptor.java:451)
	at net.thucydides.core.steps.StepInterceptor.runTestStep(StepInterceptor.java:424)
	at net.thucydides.core.steps.StepInterceptor.runOrSkipMethod(StepInterceptor.java:180)
	at net.thucydides.core.steps.StepInterceptor.testStepResult(StepInterceptor.java:167)
	at net.thucydides.core.steps.StepInterceptor.intercept(StepInterceptor.java:75)
	at net.serenitybdd.screenplay.actions.EnterValueIntoTarget$ByteBuddy$hVTELmEY.performAs(Unknown Source)
	at net.serenitybdd.screenplay.Actor.performTask(Actor.java:233)
	at net.serenitybdd.screenplay.Actor.perform(Actor.java:214)
	at net.serenitybdd.screenplay.Actor.attemptsTo(Actor.java:171)
	at co.com.choucair.certification.retoopencart.taks.FiltroOpencart.performAs(FiltroOpencart.java:45)
	at co.com.choucair.certification.retoopencart.taks.FiltroOpencart$ByteBuddy$NONLuU9o.performAs$accessor$Q3F5ENb0(Unknown Source)
	at sun.reflect.NativeMethodAccessorImpl.invoke0(Native Method)
	at sun.reflect.NativeMethodAccessorImpl.invoke(NativeMethodAccessorImpl.java:62)
	at sun.reflect.DelegatingMethodAccessorImpl.invoke(DelegatingMethodAccessorImpl.java:43)
	at java.lang.reflect.Method.invoke(Method.java:498)
	at net.thucydides.core.steps.StepInterceptor.invokeMethod(StepInterceptor.java:471)
	at net.thucydides.core.steps.StepInterceptor.executeTestStepMethod(StepInterceptor.java:451)
	at net.thucydides.core.steps.StepInterceptor.runTestStep(StepInterceptor.java:424)
	at net.thucydides.core.steps.StepInterceptor.runOrSkipMethod(StepInterceptor.java:180)
	at net.thucydides.core.steps.StepInterceptor.testStepResult(StepInterceptor.java:167)
	at net.thucydides.core.steps.StepInterceptor.intercept(StepInterceptor.java:75)
	at co.com.choucair.certification.retoopencart.taks.FiltroOpencart$ByteBuddy$NONLuU9o.performAs(Unknown Source)
	at net.serenitybdd.screenplay.Actor.performTask(Actor.java:233)
	at net.serenitybdd.screenplay.Actor.perform(Actor.java:214)
	at net.serenitybdd.screenplay.Actor.attemptsTo(Actor.java:171)
	at co.com.choucair.certification.retoopencart.stepdefinitions.FiltroOpencartStepDefinitions.consultTheInformationOfTheProductReturnDepartment(FiltroOpencartStepDefinitions.java:26)
	at sun.reflect.NativeMethodAccessorImpl.invoke0(Native Method)
	at sun.reflect.NativeMethodAccessorImpl.invoke(NativeMethodAccessorImpl.java:62)
	at sun.reflect.DelegatingMethodAccessorImpl.invoke(DelegatingMethodAccessorImpl.java:43)
	at java.lang.reflect.Method.invoke(Method.java:498)
	at cucumber.runtime.Utils$1.call(Utils.java:31)
	at cucumber.runtime.Timeout.timeout(Timeout.java:16)
	at cucumber.runtime.Utils.invoke(Utils.java:25)
	at cucumber.runtime.java.JavaStepDefinition.execute(JavaStepDefinition.java:37)
	at cucumber.runtime.StepDefinitionMatch.runStep(StepDefinitionMatch.java:40)
	at cucumber.api.TestStep.executeStep(TestStep.java:102)
	at cucumber.api.TestStep.run(TestStep.java:83)
	at cucumber.api.TestCase.run(TestCase.java:58)
	at cucumber.runner.Runner.runPickle(Runner.java:80)
	at cucumber.runtime.junit.PickleRunners$NoStepDescriptions.run(PickleRunners.java:140)
	at cucumber.runtime.junit.FeatureRunner.runChild(FeatureRunner.java:68)
	at cucumber.runtime.junit.FeatureRunner.runChild(FeatureRunner.java:23)
	at org.junit.runners.ParentRunner$3.run(ParentRunner.java:290)
	at org.junit.runners.ParentRunner$1.schedule(ParentRunner.java:71)
	at org.junit.runners.ParentRunner.runChildren(ParentRunner.java:288)
	at org.junit.runners.ParentRunner.access$000(ParentRunner.java:58)
	at org.junit.runners.ParentRunner$2.evaluate(ParentRunner.java:268)
	at org.junit.runners.ParentRunner.run(ParentRunner.java:363)
	at cucumber.runtime.junit.FeatureRunner.run(FeatureRunner.java:73)
	at cucumber.api.junit.Cucumber.runChild(Cucumber.java:118)
	at cucumber.api.junit.Cucumber.runChild(Cucumber.java:56)
	at org.junit.runners.ParentRunner$3.run(ParentRunner.java:290)
	at org.junit.runners.ParentRunner$1.schedule(ParentRunner.java:71)
	at org.junit.runners.ParentRunner.runChildren(ParentRunner.java:288)
	at org.junit.runners.ParentRunner.access$000(ParentRunner.java:58)
	at org.junit.runners.ParentRunner$2.evaluate(ParentRunner.java:268)
	at cucumber.api.junit.Cucumber$1.evaluate(Cucumber.java:127)
	at org.junit.runners.ParentRunner.run(ParentRunner.java:363)
	at org.gradle.api.internal.tasks.testing.junit.JUnitTestClassExecutor.runTestClass(JUnitTestClassExecutor.java:110)
	at org.gradle.api.internal.tasks.testing.junit.JUnitTestClassExecutor.execute(JUnitTestClassExecutor.java:58)
	at org.gradle.api.internal.tasks.testing.junit.JUnitTestClassExecutor.execute(JUnitTestClassExecutor.java:38)
	at org.gradle.api.internal.tasks.testing.junit.AbstractJUnitTestClassProcessor.processTestClass(AbstractJUnitTestClassProcessor.java:62)
	at org.gradle.api.internal.tasks.testing.SuiteTestClassProcessor.processTestClass(SuiteTestClassProcessor.java:51)
	at sun.reflect.NativeMethodAccessorImpl.invoke0(Native Method)
	at sun.reflect.NativeMethodAccessorImpl.invoke(NativeMethodAccessorImpl.java:62)
	at sun.reflect.DelegatingMethodAccessorImpl.invoke(DelegatingMethodAccessorImpl.java:43)
	at java.lang.reflect.Method.invoke(Method.java:498)
	at org.gradle.internal.dispatch.ReflectionDispatch.dispatch(ReflectionDispatch.java:36)
	at org.gradle.internal.dispatch.ReflectionDispatch.dispatch(ReflectionDispatch.java:24)
	at org.gradle.internal.dispatch.ContextClassLoaderDispatch.dispatch(ContextClassLoaderDispatch.java:33)
	at org.gradle.internal.dispatch.ProxyDispatchAdapter$DispatchingInvocationHandler.invoke(ProxyDispatchAdapter.java:94)
	at com.sun.proxy.$Proxy2.processTestClass(Unknown Source)
	at org.gradle.api.internal.tasks.testing.worker.TestWorker.processTestClass(TestWorker.java:121)
	at sun.reflect.NativeMethodAccessorImpl.invoke0(Native Method)
	at sun.reflect.NativeMethodAccessorImpl.invoke(NativeMethodAccessorImpl.java:62)
	at sun.reflect.DelegatingMethodAccessorImpl.invoke(DelegatingMethodAccessorImpl.java:43)
	at java.lang.reflect.Method.invoke(Method.java:498)
	at org.gradle.internal.dispatch.ReflectionDispatch.dispatch(ReflectionDispatch.java:36)
	at org.gradle.internal.dispatch.ReflectionDispatch.dispatch(ReflectionDispatch.java:24)
	at org.gradle.internal.remote.internal.hub.MessageHubBackedObjectConnection$DispatchWrapper.dispatch(MessageHubBackedObjectConnection.java:182)
	at org.gradle.internal.remote.internal.hub.MessageHubBackedObjectConnection$DispatchWrapper.dispatch(MessageHubBackedObjectConnection.java:164)
	at org.gradle.internal.remote.internal.hub.MessageHub$Handler.run(MessageHub.java:414)
	at org.gradle.internal.concurrent.ExecutorPolicy$CatchAndRecordFailures.onExecute(ExecutorPolicy.java:64)
	at org.gradle.internal.concurrent.ManagedExecutorImpl$1.run(ManagedExecutorImpl.java:48)
	at java.util.concurrent.ThreadPoolExecutor.runWorker(ThreadPoolExecutor.java:1142)
	at java.util.concurrent.ThreadPoolExecutor$Worker.run(ThreadPoolExecutor.java:617)
	at org.gradle.internal.concurrent.ThreadFactoryImpl$ManagedThreadRunnable.run(ThreadFactoryImpl.java:56)
	at java.lang.Thread.run(Thread.java:748)
Caused by: org.openqa.selenium.NoSuchElementException: no such element: Unable to locate element: {&quot;method&quot;:&quot;css selector&quot;,&quot;selector&quot;:&quot;#input\-return\-id&quot;}
  (Session info: chrome=100.0.4896.127)
For documentation on this error, please visit: https://www.seleniumhq.org/exceptions/no_such_element.html
Build info: version: '3.141.59', revision: 'e82be7d358', time: '2018-11-14T08:17:03'
System info: host: 'DESKTOP-1EP5HQ0', ip: '192.168.1.24', os.name: 'Windows 10', os.arch: 'amd64', os.version: '10.0', java.version: '1.8.0_131'
Driver info: org.openqa.selenium.chrome.ChromeDriver
Capabilities {acceptInsecureCerts: false, browserName: chrome, browserVersion: 100.0.4896.127, chrome: {chromedriverVersion: 100.0.4896.60 (6a5d10861ce8..., userDataDir: C:\Users\user\AppData\Local...}, goog:chromeOptions: {debuggerAddress: localhost:57094}, javascriptEnabled: true, networkConnectionEnabled: false, pageLoadStrategy: normal, platform: WINDOWS, platformName: WINDOWS, proxy: Proxy(), setWindowRect: true, strictFileInteractability: false, timeouts: {implicit: 0, pageLoad: 300000, script: 30000}, unhandledPromptBehavior: dismiss and notify, webauthn:extension:credBlob: true, webauthn:extension:largeBlob: true, webauthn:virtualAuthenticators: true}
Session ID: 56f1f368076e7fc329f07ac93e5016ad
*** Element info: {Using=id, value=input-return-id}
	at sun.reflect.NativeConstructorAccessorImpl.newInstance0(Native Method)
	at sun.reflect.NativeConstructorAccessorImpl.newInstance(NativeConstructorAccessorImpl.java:62)
	at sun.reflect.DelegatingConstructorAccessorImpl.newInstance(DelegatingConstructorAccessorImpl.java:45)
	at java.lang.reflect.Constructor.newInstance(Constructor.java:423)
	at org.openqa.selenium.remote.http.W3CHttpResponseCodec.createException(W3CHttpResponseCodec.java:187)
	at org.openqa.selenium.remote.http.W3CHttpResponseCodec.decode(W3CHttpResponseCodec.java:122)
	at org.openqa.selenium.remote.http.W3CHttpResponseCodec.decode(W3CHttpResponseCodec.java:49)
	at org.openqa.selenium.remote.HttpCommandExecutor.execute(HttpCommandExecutor.java:158)
	at org.openqa.selenium.remote.service.DriverCommandExecutor.execute(DriverCommandExecutor.java:83)
	at org.openqa.selenium.remote.RemoteWebDriver.execute(RemoteWebDriver.java:552)
	at org.openqa.selenium.remote.RemoteWebDriver.findElement(RemoteWebDriver.java:323)
	at org.openqa.selenium.remote.RemoteWebDriver.findElementById(RemoteWebDriver.java:372)
	at org.openqa.selenium.By$ById.findElement(By.java:188)
	at org.openqa.selenium.remote.RemoteWebDriver.findElement(RemoteWebDriver.java:315)
	at net.thucydides.core.webdriver.WebDriverFacade.findElement(WebDriverFacade.java:222)
	at net.serenitybdd.core.pages.WebElementResolverByLocator.resolveForDriver(WebElementResolverByLocator.java:18)
	at net.serenitybdd.core.pages.WebElementFacadeImpl.getElement(WebElementFacadeImpl.java:221)
	at net.serenitybdd.core.pages.WebElementExpectations$3.apply(WebElementExpectations.java:63)
	at net.serenitybdd.core.pages.WebElementExpectations$3.apply(WebElementExpectations.java:55)
	at org.openqa.selenium.support.ui.FluentWait.until(FluentWait.java:249)
	... 98 more
</failure>
  </testcase>
  <testcase name="As a user, I want to consult through filters the information of the Product Returns" classname="filtroOpencart" time="18.896"/>
  <system-out><![CDATA[]]></system-out>
  <system-err><![CDATA[[Test worker] WARN net.thucydides.core.steps.BaseStepListener - stepStarted: net.thucydides.core.steps.ExecutedStepDescription@172d4cb4
[Test worker] WARN net.thucydides.core.steps.BaseStepListener - stepStarted: net.thucydides.core.steps.ExecutedStepDescription@480b5373
[Test worker] WARN net.thucydides.core.steps.BaseStepListener - stepStarted: net.thucydides.core.steps.ExecutedStepDescription@3b9e1733
may 04, 2022 5:39:13 PM org.openqa.selenium.remote.DesiredCapabilities chrome
INFORMACIÃ“N: Using `new ChromeOptions()` is preferred to `DesiredCapabilities.chrome()`
[Test worker] INFO net.serenitybdd.core.webdriver.driverproviders.ProvideNewDriver - Instantiating driver
[Test worker] INFO net.serenitybdd.core.webdriver.driverproviders.ProvideNewDriver - Driver capabilities: Capabilities {acceptInsecureCerts: false, browserName: chrome, chrome.switches: --start-maximized, goog:chromeOptions: {args: [--start-maximized], extensions: []}, loggingPrefs: org.openqa.selenium.logging..., platform: ANY, version: }
Starting ChromeDriver 100.0.4896.60 (6a5d10861ce8de5fce22564658033b43cb7de047-refs/branch-heads/4896@{#875}) on port 19513
Only local connections are allowed.
Please see https://chromedriver.chromium.org/security-considerations for suggestions on keeping ChromeDriver safe.
ChromeDriver was started successfully.
may 04, 2022 5:39:18 PM org.openqa.selenium.remote.ProtocolHandshake createSession
INFORMACIÃ“N: Detected dialect: W3C
[Test worker] WARN net.thucydides.core.steps.BaseStepListener - stepFinished: current outcome:As a user, I want to consult through filters the information of the Product Returns:Example: {username=demo, password=demo, option_sales=Returns, return_id=38591, order_id=16537, customer=wdsqa ascas, product=HP LP3065, model=Product 21, status=Awaiting Products, info_pages=Showing 1 to 1 of 1 (1 Pages)} [Given User of the Opencart page [Fernando open up [Fernando opens the Open page]]]
[Test worker] WARN net.thucydides.core.steps.BaseStepListener - stepFinished: current outcome:As a user, I want to consult through filters the information of the Product Returns:Example: {username=demo, password=demo, option_sales=Returns, return_id=38591, order_id=16537, customer=wdsqa ascas, product=HP LP3065, model=Product 21, status=Awaiting Products, info_pages=Showing 1 to 1 of 1 (1 Pages)} [Given User of the Opencart page [Fernando open up [Fernando opens the Open page]]]
[Test worker] WARN net.thucydides.core.steps.BaseStepListener - stepFinished: current outcome:As a user, I want to consult through filters the information of the Product Returns:Example: {username=demo, password=demo, option_sales=Returns, return_id=38591, order_id=16537, customer=wdsqa ascas, product=HP LP3065, model=Product 21, status=Awaiting Products, info_pages=Showing 1 to 1 of 1 (1 Pages)} [Given User of the Opencart page [Fernando open up [Fernando opens the Open page]]]
[Test worker] WARN net.thucydides.core.steps.BaseStepListener - stepStarted: net.thucydides.core.steps.ExecutedStepDescription@5fc445e
[Test worker] WARN net.thucydides.core.steps.BaseStepListener - stepStarted: net.thucydides.core.steps.ExecutedStepDescription@22c76b19
[Test worker] WARN net.thucydides.core.steps.BaseStepListener - stepStarted: net.thucydides.core.steps.ExecutedStepDescription@1acd1caf
[Test worker] WARN net.thucydides.core.steps.BaseStepListener - stepFinished: current outcome:As a user, I want to consult through filters the information of the Product Returns:Example: {username=demo, password=demo, option_sales=Returns, return_id=38591, order_id=16537, customer=wdsqa ascas, product=HP LP3065, model=Product 21, status=Awaiting Products, info_pages=Showing 1 to 1 of 1 (1 Pages)} [Given User of the Opencart page [Fernando open up [Fernando opens the Open page]], When Consult the information of the product return department
| username | password | option_sales | return_id | order_id | customer | product | model | status | info_pages |
| demo | demo | Returns | 38591 | 16537 | wdsqa ascas | HP LP3065 | Product 21 | Awaiting Products | Showing 1 to 1 of 1 (1 Pages) | [Fernando filtro opencart [Fernando enters 'demo' into Enter username]]]
[Test worker] WARN net.thucydides.core.steps.BaseStepListener - stepStarted: net.thucydides.core.steps.ExecutedStepDescription@33a848b8
[Test worker] WARN net.thucydides.core.steps.BaseStepListener - stepFinished: current outcome:As a user, I want to consult through filters the information of the Product Returns:Example: {username=demo, password=demo, option_sales=Returns, return_id=38591, order_id=16537, customer=wdsqa ascas, product=HP LP3065, model=Product 21, status=Awaiting Products, info_pages=Showing 1 to 1 of 1 (1 Pages)} [Given User of the Opencart page [Fernando open up [Fernando opens the Open page]], When Consult the information of the product return department
| username | password | option_sales | return_id | order_id | customer | product | model | status | info_pages |
| demo | demo | Returns | 38591 | 16537 | wdsqa ascas | HP LP3065 | Product 21 | Awaiting Products | Showing 1 to 1 of 1 (1 Pages) | [Fernando filtro opencart [Fernando enters 'demo' into Enter username, Fernando enters 'demo' into Enter password]]]
[Test worker] WARN net.thucydides.core.steps.BaseStepListener - stepStarted: net.thucydides.core.steps.ExecutedStepDescription@1fffd24f
[Test worker] WARN net.thucydides.core.steps.BaseStepListener - stepFinished: current outcome:As a user, I want to consult through filters the information of the Product Returns:Example: {username=demo, password=demo, option_sales=Returns, return_id=38591, order_id=16537, customer=wdsqa ascas, product=HP LP3065, model=Product 21, status=Awaiting Products, info_pages=Showing 1 to 1 of 1 (1 Pages)} [Given User of the Opencart page [Fernando open up [Fernando opens the Open page]], When Consult the information of the product return department
| username | password | option_sales | return_id | order_id | customer | product | model | status | info_pages |
| demo | demo | Returns | 38591 | 16537 | wdsqa ascas | HP LP3065 | Product 21 | Awaiting Products | Showing 1 to 1 of 1 (1 Pages) | [Fernando filtro opencart [Fernando enters 'demo' into Enter username, Fernando enters 'demo' into Enter password, Fernando clicks on Press login button]]]
[Test worker] WARN net.thucydides.core.steps.BaseStepListener - stepStarted: net.thucydides.core.steps.ExecutedStepDescription@4262ef33
[Test worker] WARN net.thucydides.core.steps.BaseStepListener - stepFinished: current outcome:As a user, I want to consult through filters the information of the Product Returns:Example: {username=demo, password=demo, option_sales=Returns, return_id=38591, order_id=16537, customer=wdsqa ascas, product=HP LP3065, model=Product 21, status=Awaiting Products, info_pages=Showing 1 to 1 of 1 (1 Pages)} [Given User of the Opencart page [Fernando open up [Fernando opens the Open page]], When Consult the information of the product return department
| username | password | option_sales | return_id | order_id | customer | product | model | status | info_pages |
| demo | demo | Returns | 38591 | 16537 | wdsqa ascas | HP LP3065 | Product 21 | Awaiting Products | Showing 1 to 1 of 1 (1 Pages) | [Fernando filtro opencart [Fernando enters 'demo' into Enter username, Fernando enters 'demo' into Enter password, Fernando clicks on Press login button, Fernando clicks on Press menu sale]]]
[Test worker] WARN net.thucydides.core.steps.BaseStepListener - stepStarted: net.thucydides.core.steps.ExecutedStepDescription@2e0e27c0
[Test worker] WARN net.thucydides.core.steps.BaseStepListener - stepFinished: current outcome:As a user, I want to consult through filters the information of the Product Returns:Example: {username=demo, password=demo, option_sales=Returns, return_id=38591, order_id=16537, customer=wdsqa ascas, product=HP LP3065, model=Product 21, status=Awaiting Products, info_pages=Showing 1 to 1 of 1 (1 Pages)} [Given User of the Opencart page [Fernando open up [Fernando opens the Open page]], When Consult the information of the product return department
| username | password | option_sales | return_id | order_id | customer | product | model | status | info_pages |
| demo | demo | Returns | 38591 | 16537 | wdsqa ascas | HP LP3065 | Product 21 | Awaiting Products | Showing 1 to 1 of 1 (1 Pages) | [Fernando filtro opencart [Fernando enters 'demo' into Enter username, Fernando enters 'demo' into Enter password, Fernando clicks on Press login button, Fernando clicks on Press menu sale, Fernando clicks on Press option returns]]]
[Test worker] WARN net.thucydides.core.steps.BaseStepListener - stepStarted: net.thucydides.core.steps.ExecutedStepDescription@6d906449
[Test worker] WARN net.thucydides.core.steps.BaseStepListener - stepFinished: current outcome:As a user, I want to consult through filters the information of the Product Returns:Example: {username=demo, password=demo, option_sales=Returns, return_id=38591, order_id=16537, customer=wdsqa ascas, product=HP LP3065, model=Product 21, status=Awaiting Products, info_pages=Showing 1 to 1 of 1 (1 Pages)} [Given User of the Opencart page [Fernando open up [Fernando opens the Open page]], When Consult the information of the product return department
| username | password | option_sales | return_id | order_id | customer | product | model | status | info_pages |
| demo | demo | Returns | 38591 | 16537 | wdsqa ascas | HP LP3065 | Product 21 | Awaiting Products | Showing 1 to 1 of 1 (1 Pages) | [Fernando filtro opencart [Fernando enters 'demo' into Enter username, Fernando enters 'demo' into Enter password, Fernando clicks on Press login button, Fernando clicks on Press menu sale, Fernando clicks on Press option returns, Fernando enters '38591' into Input returns ID]]]
[Test worker] WARN net.thucydides.core.steps.BaseStepListener - stepStarted: net.thucydides.core.steps.ExecutedStepDescription@a755af1
[Test worker] WARN net.thucydides.core.steps.BaseStepListener - stepFinished: current outcome:As a user, I want to consult through filters the information of the Product Returns:Example: {username=demo, password=demo, option_sales=Returns, return_id=38591, order_id=16537, customer=wdsqa ascas, product=HP LP3065, model=Product 21, status=Awaiting Products, info_pages=Showing 1 to 1 of 1 (1 Pages)} [Given User of the Opencart page [Fernando open up [Fernando opens the Open page]], When Consult the information of the product return department
| username | password | option_sales | return_id | order_id | customer | product | model | status | info_pages |
| demo | demo | Returns | 38591 | 16537 | wdsqa ascas | HP LP3065 | Product 21 | Awaiting Products | Showing 1 to 1 of 1 (1 Pages) | [Fernando filtro opencart [Fernando enters 'demo' into Enter username, Fernando enters 'demo' into Enter password, Fernando clicks on Press login button, Fernando clicks on Press menu sale, Fernando clicks on Press option returns, Fernando enters '38591' into Input returns ID, Fernando enters '16537' into Input Order ID]]]
[Test worker] WARN net.thucydides.core.steps.BaseStepListener - stepStarted: net.thucydides.core.steps.ExecutedStepDescription@72472de7
[Test worker] WARN net.thucydides.core.steps.BaseStepListener - stepFinished: current outcome:As a user, I want to consult through filters the information of the Product Returns:Example: {username=demo, password=demo, option_sales=Returns, return_id=38591, order_id=16537, customer=wdsqa ascas, product=HP LP3065, model=Product 21, status=Awaiting Products, info_pages=Showing 1 to 1 of 1 (1 Pages)} [Given User of the Opencart page [Fernando open up [Fernando opens the Open page]], When Consult the information of the product return department
| username | password | option_sales | return_id | order_id | customer | product | model | status | info_pages |
| demo | demo | Returns | 38591 | 16537 | wdsqa ascas | HP LP3065 | Product 21 | Awaiting Products | Showing 1 to 1 of 1 (1 Pages) | [Fernando filtro opencart [Fernando enters 'demo' into Enter username, Fernando enters 'demo' into Enter password, Fernando clicks on Press login button, Fernando clicks on Press menu sale, Fernando clicks on Press option returns, Fernando enters '38591' into Input returns ID, Fernando enters '16537' into Input Order ID, Fernando enters 'wdsqa ascas' into Input Customer]]]
[Test worker] WARN net.thucydides.core.steps.BaseStepListener - stepStarted: net.thucydides.core.steps.ExecutedStepDescription@5108333b
[Test worker] WARN net.thucydides.core.steps.BaseStepListener - stepFinished: current outcome:As a user, I want to consult through filters the information of the Product Returns:Example: {username=demo, password=demo, option_sales=Returns, return_id=38591, order_id=16537, customer=wdsqa ascas, product=HP LP3065, model=Product 21, status=Awaiting Products, info_pages=Showing 1 to 1 of 1 (1 Pages)} [Given User of the Opencart page [Fernando open up [Fernando opens the Open page]], When Consult the information of the product return department
| username | password | option_sales | return_id | order_id | customer | product | model | status | info_pages |
| demo | demo | Returns | 38591 | 16537 | wdsqa ascas | HP LP3065 | Product 21 | Awaiting Products | Showing 1 to 1 of 1 (1 Pages) | [Fernando filtro opencart [Fernando enters 'demo' into Enter username, Fernando enters 'demo' into Enter password, Fernando clicks on Press login button, Fernando clicks on Press menu sale, Fernando clicks on Press option returns, Fernando enters '38591' into Input returns ID, Fernando enters '16537' into Input Order ID, Fernando enters 'wdsqa ascas' into Input Customer, Fernando enters 'HP LP3065' into Input Product]]]
[Test worker] WARN net.thucydides.core.steps.BaseStepListener - stepStarted: net.thucydides.core.steps.ExecutedStepDescription@5bca2943
[Test worker] WARN net.thucydides.core.steps.BaseStepListener - stepFinished: current outcome:As a user, I want to consult through filters the information of the Product Returns:Example: {username=demo, password=demo, option_sales=Returns, return_id=38591, order_id=16537, customer=wdsqa ascas, product=HP LP3065, model=Product 21, status=Awaiting Products, info_pages=Showing 1 to 1 of 1 (1 Pages)} [Given User of the Opencart page [Fernando open up [Fernando opens the Open page]], When Consult the information of the product return department
| username | password | option_sales | return_id | order_id | customer | product | model | status | info_pages |
| demo | demo | Returns | 38591 | 16537 | wdsqa ascas | HP LP3065 | Product 21 | Awaiting Products | Showing 1 to 1 of 1 (1 Pages) | [Fernando filtro opencart [Fernando enters 'demo' into Enter username, Fernando enters 'demo' into Enter password, Fernando clicks on Press login button, Fernando clicks on Press menu sale, Fernando clicks on Press option returns, Fernando enters '38591' into Input returns ID, Fernando enters '16537' into Input Order ID, Fernando enters 'wdsqa ascas' into Input Customer, Fernando enters 'HP LP3065' into Input Product, Fernando enters 'Product 21' into Input Model]]]
[Test worker] WARN net.thucydides.core.steps.BaseStepListener - stepStarted: net.thucydides.core.steps.ExecutedStepDescription@7f39ed3f
[Test worker] WARN net.thucydides.core.steps.BaseStepListener - stepFinished: current outcome:As a user, I want to consult through filters the information of the Product Returns:Example: {username=demo, password=demo, option_sales=Returns, return_id=38591, order_id=16537, customer=wdsqa ascas, product=HP LP3065, model=Product 21, status=Awaiting Products, info_pages=Showing 1 to 1 of 1 (1 Pages)} [Given User of the Opencart page [Fernando open up [Fernando opens the Open page]], When Consult the information of the product return department
| username | password | option_sales | return_id | order_id | customer | product | model | status | info_pages |
| demo | demo | Returns | 38591 | 16537 | wdsqa ascas | HP LP3065 | Product 21 | Awaiting Products | Showing 1 to 1 of 1 (1 Pages) | [Fernando filtro opencart [Fernando enters 'demo' into Enter username, Fernando enters 'demo' into Enter password, Fernando clicks on Press login button, Fernando clicks on Press menu sale, Fernando clicks on Press option returns, Fernando enters '38591' into Input returns ID, Fernando enters '16537' into Input Order ID, Fernando enters 'wdsqa ascas' into Input Customer, Fernando enters 'HP LP3065' into Input Product, Fernando enters 'Product 21' into Input Model, Fernando clicks on Click]]]
[Test worker] WARN net.thucydides.core.steps.BaseStepListener - stepStarted: net.thucydides.core.steps.ExecutedStepDescription@6b2e5204
[Test worker] WARN net.thucydides.core.steps.BaseStepListener - stepFinished: current outcome:As a user, I want to consult through filters the information of the Product Returns:Example: {username=demo, password=demo, option_sales=Returns, return_id=38591, order_id=16537, customer=wdsqa ascas, product=HP LP3065, model=Product 21, status=Awaiting Products, info_pages=Showing 1 to 1 of 1 (1 Pages)} [Given User of the Opencart page [Fernando open up [Fernando opens the Open page]], When Consult the information of the product return department
| username | password | option_sales | return_id | order_id | customer | product | model | status | info_pages |
| demo | demo | Returns | 38591 | 16537 | wdsqa ascas | HP LP3065 | Product 21 | Awaiting Products | Showing 1 to 1 of 1 (1 Pages) | [Fernando filtro opencart [Fernando enters 'demo' into Enter username, Fernando enters 'demo' into Enter password, Fernando clicks on Press login button, Fernando clicks on Press menu sale, Fernando clicks on Press option returns, Fernando enters '38591' into Input returns ID, Fernando enters '16537' into Input Order ID, Fernando enters 'wdsqa ascas' into Input Customer, Fernando enters 'HP LP3065' into Input Product, Fernando enters 'Product 21' into Input Model, Fernando clicks on Click, Fernando clicks on Input Model]]]
[Test worker] WARN net.thucydides.core.steps.BaseStepListener - stepStarted: net.thucydides.core.steps.ExecutedStepDescription@49a16e24
[Test worker] WARN net.thucydides.core.steps.BaseStepListener - stepFinished: current outcome:As a user, I want to consult through filters the information of the Product Returns:Example: {username=demo, password=demo, option_sales=Returns, return_id=38591, order_id=16537, customer=wdsqa ascas, product=HP LP3065, model=Product 21, status=Awaiting Products, info_pages=Showing 1 to 1 of 1 (1 Pages)} [Given User of the Opencart page [Fernando open up [Fernando opens the Open page]], When Consult the information of the product return department
| username | password | option_sales | return_id | order_id | customer | product | model | status | info_pages |
| demo | demo | Returns | 38591 | 16537 | wdsqa ascas | HP LP3065 | Product 21 | Awaiting Products | Showing 1 to 1 of 1 (1 Pages) | [Fernando filtro opencart [Fernando enters 'demo' into Enter username, Fernando enters 'demo' into Enter password, Fernando clicks on Press login button, Fernando clicks on Press menu sale, Fernando clicks on Press option returns, Fernando enters '38591' into Input returns ID, Fernando enters '16537' into Input Order ID, Fernando enters 'wdsqa ascas' into Input Customer, Fernando enters 'HP LP3065' into Input Product, Fernando enters 'Product 21' into Input Model, Fernando clicks on Click, Fernando clicks on Input Model, Fernando types 'ARROW_DOWN' in Input Model]]]
[Test worker] WARN net.thucydides.core.steps.BaseStepListener - stepStarted: net.thucydides.core.steps.ExecutedStepDescription@8d6d304
[Test worker] WARN net.thucydides.core.steps.BaseStepListener - stepFinished: current outcome:As a user, I want to consult through filters the information of the Product Returns:Example: {username=demo, password=demo, option_sales=Returns, return_id=38591, order_id=16537, customer=wdsqa ascas, product=HP LP3065, model=Product 21, status=Awaiting Products, info_pages=Showing 1 to 1 of 1 (1 Pages)} [Given User of the Opencart page [Fernando open up [Fernando opens the Open page]], When Consult the information of the product return department
| username | password | option_sales | return_id | order_id | customer | product | model | status | info_pages |
| demo | demo | Returns | 38591 | 16537 | wdsqa ascas | HP LP3065 | Product 21 | Awaiting Products | Showing 1 to 1 of 1 (1 Pages) | [Fernando filtro opencart [Fernando enters 'demo' into Enter username, Fernando enters 'demo' into Enter password, Fernando clicks on Press login button, Fernando clicks on Press menu sale, Fernando clicks on Press option returns, Fernando enters '38591' into Input returns ID, Fernando enters '16537' into Input Order ID, Fernando enters 'wdsqa ascas' into Input Customer, Fernando enters 'HP LP3065' into Input Product, Fernando enters 'Product 21' into Input Model, Fernando clicks on Click, Fernando clicks on Input Model, Fernando types 'ARROW_DOWN' in Input Model, Fernando types 'ENTER' in Input Model]]]
[Test worker] WARN net.thucydides.core.steps.BaseStepListener - stepStarted: net.thucydides.core.steps.ExecutedStepDescription@5a9df15a
[Test worker] WARN net.thucydides.core.steps.BaseStepListener - stepFinished: current outcome:As a user, I want to consult through filters the information of the Product Returns:Example: {username=demo, password=demo, option_sales=Returns, return_id=38591, order_id=16537, customer=wdsqa ascas, product=HP LP3065, model=Product 21, status=Awaiting Products, info_pages=Showing 1 to 1 of 1 (1 Pages)} [Given User of the Opencart page [Fernando open up [Fernando opens the Open page]], When Consult the information of the product return department
| username | password | option_sales | return_id | order_id | customer | product | model | status | info_pages |
| demo | demo | Returns | 38591 | 16537 | wdsqa ascas | HP LP3065 | Product 21 | Awaiting Products | Showing 1 to 1 of 1 (1 Pages) | [Fernando filtro opencart [Fernando enters 'demo' into Enter username, Fernando enters 'demo' into Enter password, Fernando clicks on Press login button, Fernando clicks on Press menu sale, Fernando clicks on Press option returns, Fernando enters '38591' into Input returns ID, Fernando enters '16537' into Input Order ID, Fernando enters 'wdsqa ascas' into Input Customer, Fernando enters 'HP LP3065' into Input Product, Fernando enters 'Product 21' into Input Model, Fernando clicks on Click, Fernando clicks on Input Model, Fernando types 'ARROW_DOWN' in Input Model, Fernando types 'ENTER' in Input Model, Fernando clicks on Input Model]]]
[Test worker] WARN net.thucydides.core.steps.BaseStepListener - stepStarted: net.thucydides.core.steps.ExecutedStepDescription@5ded19d8
[Test worker] WARN net.thucydides.core.steps.BaseStepListener - stepFinished: current outcome:As a user, I want to consult through filters the information of the Product Returns:Example: {username=demo, password=demo, option_sales=Returns, return_id=38591, order_id=16537, customer=wdsqa ascas, product=HP LP3065, model=Product 21, status=Awaiting Products, info_pages=Showing 1 to 1 of 1 (1 Pages)} [Given User of the Opencart page [Fernando open up [Fernando opens the Open page]], When Consult the information of the product return department
| username | password | option_sales | return_id | order_id | customer | product | model | status | info_pages |
| demo | demo | Returns | 38591 | 16537 | wdsqa ascas | HP LP3065 | Product 21 | Awaiting Products | Showing 1 to 1 of 1 (1 Pages) | [Fernando filtro opencart [Fernando enters 'demo' into Enter username, Fernando enters 'demo' into Enter password, Fernando clicks on Press login button, Fernando clicks on Press menu sale, Fernando clicks on Press option returns, Fernando enters '38591' into Input returns ID, Fernando enters '16537' into Input Order ID, Fernando enters 'wdsqa ascas' into Input Customer, Fernando enters 'HP LP3065' into Input Product, Fernando enters 'Product 21' into Input Model, Fernando clicks on Click, Fernando clicks on Input Model, Fernando types 'ARROW_DOWN' in Input Model, Fernando types 'ENTER' in Input Model, Fernando clicks on Input Model, Fernando clicks on Input Model]]]
[Test worker] WARN net.thucydides.core.steps.BaseStepListener - stepFinished: current outcome:As a user, I want to consult through filters the information of the Product Returns:Example: {username=demo, password=demo, option_sales=Returns, return_id=38591, order_id=16537, customer=wdsqa ascas, product=HP LP3065, model=Product 21, status=Awaiting Products, info_pages=Showing 1 to 1 of 1 (1 Pages)} [Given User of the Opencart page [Fernando open up [Fernando opens the Open page]], When Consult the information of the product return department
| username | password | option_sales | return_id | order_id | customer | product | model | status | info_pages |
| demo | demo | Returns | 38591 | 16537 | wdsqa ascas | HP LP3065 | Product 21 | Awaiting Products | Showing 1 to 1 of 1 (1 Pages) | [Fernando filtro opencart [Fernando enters 'demo' into Enter username, Fernando enters 'demo' into Enter password, Fernando clicks on Press login button, Fernando clicks on Press menu sale, Fernando clicks on Press option returns, Fernando enters '38591' into Input returns ID, Fernando enters '16537' into Input Order ID, Fernando enters 'wdsqa ascas' into Input Customer, Fernando enters 'HP LP3065' into Input Product, Fernando enters 'Product 21' into Input Model, Fernando clicks on Click, Fernando clicks on Input Model, Fernando types 'ARROW_DOWN' in Input Model, Fernando types 'ENTER' in Input Model, Fernando clicks on Input Model, Fernando clicks on Input Model]]]
[Test worker] WARN net.thucydides.core.steps.BaseStepListener - stepFinished: current outcome:As a user, I want to consult through filters the information of the Product Returns:Example: {username=demo, password=demo, option_sales=Returns, return_id=38591, order_id=16537, customer=wdsqa ascas, product=HP LP3065, model=Product 21, status=Awaiting Products, info_pages=Showing 1 to 1 of 1 (1 Pages)} [Given User of the Opencart page [Fernando open up [Fernando opens the Open page]], When Consult the information of the product return department
| username | password | option_sales | return_id | order_id | customer | product | model | status | info_pages |
| demo | demo | Returns | 38591 | 16537 | wdsqa ascas | HP LP3065 | Product 21 | Awaiting Products | Showing 1 to 1 of 1 (1 Pages) | [Fernando filtro opencart [Fernando enters 'demo' into Enter username, Fernando enters 'demo' into Enter password, Fernando clicks on Press login button, Fernando clicks on Press menu sale, Fernando clicks on Press option returns, Fernando enters '38591' into Input returns ID, Fernando enters '16537' into Input Order ID, Fernando enters 'wdsqa ascas' into Input Customer, Fernando enters 'HP LP3065' into Input Product, Fernando enters 'Product 21' into Input Model, Fernando clicks on Click, Fernando clicks on Input Model, Fernando types 'ARROW_DOWN' in Input Model, Fernando types 'ENTER' in Input Model, Fernando clicks on Input Model, Fernando clicks on Input Model]]]
[Test worker] WARN net.thucydides.core.steps.BaseStepListener - stepStarted: net.thucydides.core.steps.ExecutedStepDescription@cda9f6b
[Test worker] WARN net.thucydides.core.steps.BaseStepListener - stepFinished: current outcome:As a user, I want to consult through filters the information of the Product Returns:Example: {username=demo, password=demo, option_sales=Returns, return_id=38591, order_id=16537, customer=wdsqa ascas, product=HP LP3065, model=Product 21, status=Awaiting Products, info_pages=Showing 1 to 1 of 1 (1 Pages)} [Given User of the Opencart page [Fernando open up [Fernando opens the Open page]], When Consult the information of the product return department
| username | password | option_sales | return_id | order_id | customer | product | model | status | info_pages |
| demo | demo | Returns | 38591 | 16537 | wdsqa ascas | HP LP3065 | Product 21 | Awaiting Products | Showing 1 to 1 of 1 (1 Pages) | [Fernando filtro opencart [Fernando enters 'demo' into Enter username, Fernando enters 'demo' into Enter password, Fernando clicks on Press login button, Fernando clicks on Press menu sale, Fernando clicks on Press option returns, Fernando enters '38591' into Input returns ID, Fernando enters '16537' into Input Order ID, Fernando enters 'wdsqa ascas' into Input Customer, Fernando enters 'HP LP3065' into Input Product, Fernando enters 'Product 21' into Input Model, Fernando clicks on Click, Fernando clicks on Input Model, Fernando types 'ARROW_DOWN' in Input Model, Fernando types 'ENTER' in Input Model, Fernando clicks on Input Model, Fernando clicks on Input Model]], Then Know the list of existing products in return]
[Test worker] WARN net.thucydides.core.steps.BaseStepListener - stepFinished: current outcome:As a user, I want to consult through filters the information of the Product Returns:Example: {username=demo, password=demo, option_sales=Returns, return_id=38591, order_id=16537, customer=wdsqa ascas, product=HP LP3065, model=Product 21, status=Awaiting Products, info_pages=Showing 1 to 1 of 1 (1 Pages)} [Given User of the Opencart page [Fernando open up [Fernando opens the Open page]], When Consult the information of the product return department
| username | password | option_sales | return_id | order_id | customer | product | model | status | info_pages |
| demo | demo | Returns | 38591 | 16537 | wdsqa ascas | HP LP3065 | Product 21 | Awaiting Products | Showing 1 to 1 of 1 (1 Pages) | [Fernando filtro opencart [Fernando enters 'demo' into Enter username, Fernando enters 'demo' into Enter password, Fernando clicks on Press login button, Fernando clicks on Press menu sale, Fernando clicks on Press option returns, Fernando enters '38591' into Input returns ID, Fernando enters '16537' into Input Order ID, Fernando enters 'wdsqa ascas' into Input Customer, Fernando enters 'HP LP3065' into Input Product, Fernando enters 'Product 21' into Input Model, Fernando clicks on Click, Fernando clicks on Input Model, Fernando types 'ARROW_DOWN' in Input Model, Fernando types 'ENTER' in Input Model, Fernando clicks on Input Model, Fernando clicks on Input Model]], Then Know the list of existing products in return]
[Test worker] WARN net.thucydides.core.steps.BaseStepListener - testFinished: As a user, I want to consult through filters the information of the Product Returns:Example: {username=demo, password=demo, option_sales=Returns, return_id=38591, order_id=16537, customer=wdsqa ascas, product=HP LP3065, model=Product 21, status=Awaiting Products, info_pages=Showing 1 to 1 of 1 (1 Pages)} [Given User of the Opencart page [Fernando open up [Fernando opens the Open page]], When Consult the information of the product return department
| username | password | option_sales | return_id | order_id | customer | product | model | status | info_pages |
| demo | demo | Returns | 38591 | 16537 | wdsqa ascas | HP LP3065 | Product 21 | Awaiting Products | Showing 1 to 1 of 1 (1 Pages) | [Fernando filtro opencart [Fernando enters 'demo' into Enter username, Fernando enters 'demo' into Enter password, Fernando clicks on Press login button, Fernando clicks on Press menu sale, Fernando clicks on Press option returns, Fernando enters '38591' into Input returns ID, Fernando enters '16537' into Input Order ID, Fernando enters 'wdsqa ascas' into Input Customer, Fernando enters 'HP LP3065' into Input Product, Fernando enters 'Product 21' into Input Model, Fernando clicks on Click, Fernando clicks on Input Model, Fernando types 'ARROW_DOWN' in Input Model, Fernando types 'ENTER' in Input Model, Fernando clicks on Input Model, Fernando clicks on Input Model]], Then Know the list of existing products in return]
[Test worker] WARN net.thucydides.core.steps.BaseStepListener - TestOutcomes: [As a user, I want to consult through filters the information of the Product Returns:Example: {username=demo, password=demo, option_sales=Returns, return_id=38591, order_id=16537, customer=wdsqa ascas, product=HP LP3065, model=Product 21, status=Awaiting Products, info_pages=Showing 1 to 1 of 1 (1 Pages)} [Given User of the Opencart page [Fernando open up [Fernando opens the Open page]], When Consult the information of the product return department
| username | password | option_sales | return_id | order_id | customer | product | model | status | info_pages |
| demo | demo | Returns | 38591 | 16537 | wdsqa ascas | HP LP3065 | Product 21 | Awaiting Products | Showing 1 to 1 of 1 (1 Pages) | [Fernando filtro opencart [Fernando enters 'demo' into Enter username, Fernando enters 'demo' into Enter password, Fernando clicks on Press login button, Fernando clicks on Press menu sale, Fernando clicks on Press option returns, Fernando enters '38591' into Input returns ID, Fernando enters '16537' into Input Order ID, Fernando enters 'wdsqa ascas' into Input Customer, Fernando enters 'HP LP3065' into Input Product, Fernando enters 'Product 21' into Input Model, Fernando clicks on Click, Fernando clicks on Input Model, Fernando types 'ARROW_DOWN' in Input Model, Fernando types 'ENTER' in Input Model, Fernando clicks on Input Model, Fernando clicks on Input Model]], Then Know the list of existing products in return]]
[Test worker] WARN net.thucydides.core.steps.BaseStepListener - Final testOutcomes: [As a user, I want to consult through filters the information of the Product Returns:Example: {username=demo, password=demo, option_sales=Returns, return_id=38591, order_id=16537, customer=wdsqa ascas, product=HP LP3065, model=Product 21, status=Awaiting Products, info_pages=Showing 1 to 1 of 1 (1 Pages)} [Given User of the Opencart page [Fernando open up [Fernando opens the Open page]], When Consult the information of the product return department
| username | password | option_sales | return_id | order_id | customer | product | model | status | info_pages |
| demo | demo | Returns | 38591 | 16537 | wdsqa ascas | HP LP3065 | Product 21 | Awaiting Products | Showing 1 to 1 of 1 (1 Pages) | [Fernando filtro opencart [Fernando enters 'demo' into Enter username, Fernando enters 'demo' into Enter password, Fernando clicks on Press login button, Fernando clicks on Press menu sale, Fernando clicks on Press option returns, Fernando enters '38591' into Input returns ID, Fernando enters '16537' into Input Order ID, Fernando enters 'wdsqa ascas' into Input Customer, Fernando enters 'HP LP3065' into Input Product, Fernando enters 'Product 21' into Input Model, Fernando clicks on Click, Fernando clicks on Input Model, Fernando types 'ARROW_DOWN' in Input Model, Fernando types 'ENTER' in Input Model, Fernando clicks on Input Model, Fernando clicks on Input Model]], Then Know the list of existing products in return]]
[Test worker] INFO net.thucydides.core.steps.ConsoleLoggingListener - 
        __    _____ _____ ____ _____   ____   _    ____  ____  _____ ____  
  _     \ \  |_   _| ____/ ___|_   _| |  _ \ / \  / ___|/ ___|| ____|  _ \ 
 (_)_____| |   | | |  _| \___ \ | |   | |_) / _ \ \___ \\___ \|  _| | | | |
  _|_____| |   | | | |___ ___) || |   |  __/ ___ \ ___) |___) | |___| |_| |
 (_)     | |   |_| |_____|____/ |_|   |_| /_/   \_\____/|____/|_____|____/ 
        /_/                                                                

TEST PASSED: As a user, I want to consult through filters the information of the Product Returns
----------------------------------------------------------------------------
[Test worker] WARN net.thucydides.core.steps.BaseStepListener - stepStarted: net.thucydides.core.steps.ExecutedStepDescription@bfac1e1
[Test worker] WARN net.thucydides.core.steps.BaseStepListener - stepStarted: net.thucydides.core.steps.ExecutedStepDescription@484b0896
[Test worker] WARN net.thucydides.core.steps.BaseStepListener - stepStarted: net.thucydides.core.steps.ExecutedStepDescription@3b067a54
may 04, 2022 5:39:38 PM org.openqa.selenium.remote.DesiredCapabilities chrome
INFORMACIÃ“N: Using `new ChromeOptions()` is preferred to `DesiredCapabilities.chrome()`
[Test worker] INFO net.serenitybdd.core.webdriver.driverproviders.ProvideNewDriver - Instantiating driver
[Test worker] INFO net.serenitybdd.core.webdriver.driverproviders.ProvideNewDriver - Driver capabilities: Capabilities {acceptInsecureCerts: false, browserName: chrome, chrome.switches: --start-maximized, goog:chromeOptions: {args: [--start-maximized], extensions: []}, loggingPrefs: org.openqa.selenium.logging..., platform: ANY, version: }
Starting ChromeDriver 100.0.4896.60 (6a5d10861ce8de5fce22564658033b43cb7de047-refs/branch-heads/4896@{#875}) on port 23843
Only local connections are allowed.
Please see https://chromedriver.chromium.org/security-considerations for suggestions on keeping ChromeDriver safe.
ChromeDriver was started successfully.
may 04, 2022 5:39:40 PM org.openqa.selenium.remote.ProtocolHandshake createSession
INFORMACIÃ“N: Detected dialect: W3C
[Test worker] WARN net.thucydides.core.steps.BaseStepListener - stepFinished: current outcome:As a user, I want to consult through filters the information of the Product Returns:Example: {username=demo, password=demo, option_sales=Returns, return_id=38591, order_id=16537, customer=wdsqa ascas, product=HP LP3065, model=Product 21, status=Awaiting Products, info_pages=Showing 1 to 1 of 1 (1 Pages)} [Given User of the Opencart page [Fernando open up [Fernando opens the Open page]], When Consult the information of the product return department
| username | password | option_sales | return_id | order_id | customer | product | model | status | info_pages |
| demo | demo | Returns | 38591 | 16537 | wdsqa ascas | HP LP3065 | Product 21 | Awaiting Products | Showing 1 to 1 of 1 (1 Pages) | [Fernando filtro opencart [Fernando enters 'demo' into Enter username, Fernando enters 'demo' into Enter password, Fernando clicks on Press login button, Fernando clicks on Press menu sale, Fernando clicks on Press option returns, Fernando enters '38591' into Input returns ID, Fernando enters '16537' into Input Order ID, Fernando enters 'wdsqa ascas' into Input Customer, Fernando enters 'HP LP3065' into Input Product, Fernando enters 'Product 21' into Input Model, Fernando clicks on Click, Fernando clicks on Input Model, Fernando types 'ARROW_DOWN' in Input Model, Fernando types 'ENTER' in Input Model, Fernando clicks on Input Model, Fernando clicks on Input Model]], Then Know the list of existing products in return], Example: {username=demo, password=demo, option_sales=Orders, return_id=38591, order_id=16537, customer=wdsqa ascas, product=HP LP3065, model=Product 21, status=Awaiting Products, info_pages=Showing 1 to 1 of 1 (1 Pages)} [Given User of the Opencart page [Fernando open up [Fernando opens the Open page]]]
[Test worker] WARN net.thucydides.core.steps.BaseStepListener - stepFinished: current outcome:As a user, I want to consult through filters the information of the Product Returns:Example: {username=demo, password=demo, option_sales=Returns, return_id=38591, order_id=16537, customer=wdsqa ascas, product=HP LP3065, model=Product 21, status=Awaiting Products, info_pages=Showing 1 to 1 of 1 (1 Pages)} [Given User of the Opencart page [Fernando open up [Fernando opens the Open page]], When Consult the information of the product return department
| username | password | option_sales | return_id | order_id | customer | product | model | status | info_pages |
| demo | demo | Returns | 38591 | 16537 | wdsqa ascas | HP LP3065 | Product 21 | Awaiting Products | Showing 1 to 1 of 1 (1 Pages) | [Fernando filtro opencart [Fernando enters 'demo' into Enter username, Fernando enters 'demo' into Enter password, Fernando clicks on Press login button, Fernando clicks on Press menu sale, Fernando clicks on Press option returns, Fernando enters '38591' into Input returns ID, Fernando enters '16537' into Input Order ID, Fernando enters 'wdsqa ascas' into Input Customer, Fernando enters 'HP LP3065' into Input Product, Fernando enters 'Product 21' into Input Model, Fernando clicks on Click, Fernando clicks on Input Model, Fernando types 'ARROW_DOWN' in Input Model, Fernando types 'ENTER' in Input Model, Fernando clicks on Input Model, Fernando clicks on Input Model]], Then Know the list of existing products in return], Example: {username=demo, password=demo, option_sales=Orders, return_id=38591, order_id=16537, customer=wdsqa ascas, product=HP LP3065, model=Product 21, status=Awaiting Products, info_pages=Showing 1 to 1 of 1 (1 Pages)} [Given User of the Opencart page [Fernando open up [Fernando opens the Open page]]]
[Test worker] WARN net.thucydides.core.steps.BaseStepListener - stepFinished: current outcome:As a user, I want to consult through filters the information of the Product Returns:Example: {username=demo, password=demo, option_sales=Returns, return_id=38591, order_id=16537, customer=wdsqa ascas, product=HP LP3065, model=Product 21, status=Awaiting Products, info_pages=Showing 1 to 1 of 1 (1 Pages)} [Given User of the Opencart page [Fernando open up [Fernando opens the Open page]], When Consult the information of the product return department
| username | password | option_sales | return_id | order_id | customer | product | model | status | info_pages |
| demo | demo | Returns | 38591 | 16537 | wdsqa ascas | HP LP3065 | Product 21 | Awaiting Products | Showing 1 to 1 of 1 (1 Pages) | [Fernando filtro opencart [Fernando enters 'demo' into Enter username, Fernando enters 'demo' into Enter password, Fernando clicks on Press login button, Fernando clicks on Press menu sale, Fernando clicks on Press option returns, Fernando enters '38591' into Input returns ID, Fernando enters '16537' into Input Order ID, Fernando enters 'wdsqa ascas' into Input Customer, Fernando enters 'HP LP3065' into Input Product, Fernando enters 'Product 21' into Input Model, Fernando clicks on Click, Fernando clicks on Input Model, Fernando types 'ARROW_DOWN' in Input Model, Fernando types 'ENTER' in Input Model, Fernando clicks on Input Model, Fernando clicks on Input Model]], Then Know the list of existing products in return], Example: {username=demo, password=demo, option_sales=Orders, return_id=38591, order_id=16537, customer=wdsqa ascas, product=HP LP3065, model=Product 21, status=Awaiting Products, info_pages=Showing 1 to 1 of 1 (1 Pages)} [Given User of the Opencart page [Fernando open up [Fernando opens the Open page]]]
[Test worker] WARN net.thucydides.core.steps.BaseStepListener - stepStarted: net.thucydides.core.steps.ExecutedStepDescription@70d1f5ca
[Test worker] WARN net.thucydides.core.steps.BaseStepListener - stepStarted: net.thucydides.core.steps.ExecutedStepDescription@5f9c922b
[Test worker] WARN net.thucydides.core.steps.BaseStepListener - stepStarted: net.thucydides.core.steps.ExecutedStepDescription@38432db0
[Test worker] WARN net.thucydides.core.steps.BaseStepListener - stepFinished: current outcome:As a user, I want to consult through filters the information of the Product Returns:Example: {username=demo, password=demo, option_sales=Returns, return_id=38591, order_id=16537, customer=wdsqa ascas, product=HP LP3065, model=Product 21, status=Awaiting Products, info_pages=Showing 1 to 1 of 1 (1 Pages)} [Given User of the Opencart page [Fernando open up [Fernando opens the Open page]], When Consult the information of the product return department
| username | password | option_sales | return_id | order_id | customer | product | model | status | info_pages |
| demo | demo | Returns | 38591 | 16537 | wdsqa ascas | HP LP3065 | Product 21 | Awaiting Products | Showing 1 to 1 of 1 (1 Pages) | [Fernando filtro opencart [Fernando enters 'demo' into Enter username, Fernando enters 'demo' into Enter password, Fernando clicks on Press login button, Fernando clicks on Press menu sale, Fernando clicks on Press option returns, Fernando enters '38591' into Input returns ID, Fernando enters '16537' into Input Order ID, Fernando enters 'wdsqa ascas' into Input Customer, Fernando enters 'HP LP3065' into Input Product, Fernando enters 'Product 21' into Input Model, Fernando clicks on Click, Fernando clicks on Input Model, Fernando types 'ARROW_DOWN' in Input Model, Fernando types 'ENTER' in Input Model, Fernando clicks on Input Model, Fernando clicks on Input Model]], Then Know the list of existing products in return], Example: {username=demo, password=demo, option_sales=Orders, return_id=38591, order_id=16537, customer=wdsqa ascas, product=HP LP3065, model=Product 21, status=Awaiting Products, info_pages=Showing 1 to 1 of 1 (1 Pages)} [Given User of the Opencart page [Fernando open up [Fernando opens the Open page]], When Consult the information of the product return department
| username | password | option_sales | return_id | order_id | customer | product | model | status | info_pages |
| demo | demo | Orders | 38591 | 16537 | wdsqa ascas | HP LP3065 | Product 21 | Awaiting Products | Showing 1 to 1 of 1 (1 Pages) | [Fernando filtro opencart [Fernando enters 'demo' into Enter username]]]
[Test worker] WARN net.thucydides.core.steps.BaseStepListener - stepStarted: net.thucydides.core.steps.ExecutedStepDescription@3a54a185
[Test worker] WARN net.thucydides.core.steps.BaseStepListener - stepFinished: current outcome:As a user, I want to consult through filters the information of the Product Returns:Example: {username=demo, password=demo, option_sales=Returns, return_id=38591, order_id=16537, customer=wdsqa ascas, product=HP LP3065, model=Product 21, status=Awaiting Products, info_pages=Showing 1 to 1 of 1 (1 Pages)} [Given User of the Opencart page [Fernando open up [Fernando opens the Open page]], When Consult the information of the product return department
| username | password | option_sales | return_id | order_id | customer | product | model | status | info_pages |
| demo | demo | Returns | 38591 | 16537 | wdsqa ascas | HP LP3065 | Product 21 | Awaiting Products | Showing 1 to 1 of 1 (1 Pages) | [Fernando filtro opencart [Fernando enters 'demo' into Enter username, Fernando enters 'demo' into Enter password, Fernando clicks on Press login button, Fernando clicks on Press menu sale, Fernando clicks on Press option returns, Fernando enters '38591' into Input returns ID, Fernando enters '16537' into Input Order ID, Fernando enters 'wdsqa ascas' into Input Customer, Fernando enters 'HP LP3065' into Input Product, Fernando enters 'Product 21' into Input Model, Fernando clicks on Click, Fernando clicks on Input Model, Fernando types 'ARROW_DOWN' in Input Model, Fernando types 'ENTER' in Input Model, Fernando clicks on Input Model, Fernando clicks on Input Model]], Then Know the list of existing products in return], Example: {username=demo, password=demo, option_sales=Orders, return_id=38591, order_id=16537, customer=wdsqa ascas, product=HP LP3065, model=Product 21, status=Awaiting Products, info_pages=Showing 1 to 1 of 1 (1 Pages)} [Given User of the Opencart page [Fernando open up [Fernando opens the Open page]], When Consult the information of the product return department
| username | password | option_sales | return_id | order_id | customer | product | model | status | info_pages |
| demo | demo | Orders | 38591 | 16537 | wdsqa ascas | HP LP3065 | Product 21 | Awaiting Products | Showing 1 to 1 of 1 (1 Pages) | [Fernando filtro opencart [Fernando enters 'demo' into Enter username, Fernando enters 'demo' into Enter password]]]
[Test worker] WARN net.thucydides.core.steps.BaseStepListener - stepStarted: net.thucydides.core.steps.ExecutedStepDescription@1f3996
[Test worker] WARN net.thucydides.core.steps.BaseStepListener - stepFinished: current outcome:As a user, I want to consult through filters the information of the Product Returns:Example: {username=demo, password=demo, option_sales=Returns, return_id=38591, order_id=16537, customer=wdsqa ascas, product=HP LP3065, model=Product 21, status=Awaiting Products, info_pages=Showing 1 to 1 of 1 (1 Pages)} [Given User of the Opencart page [Fernando open up [Fernando opens the Open page]], When Consult the information of the product return department
| username | password | option_sales | return_id | order_id | customer | product | model | status | info_pages |
| demo | demo | Returns | 38591 | 16537 | wdsqa ascas | HP LP3065 | Product 21 | Awaiting Products | Showing 1 to 1 of 1 (1 Pages) | [Fernando filtro opencart [Fernando enters 'demo' into Enter username, Fernando enters 'demo' into Enter password, Fernando clicks on Press login button, Fernando clicks on Press menu sale, Fernando clicks on Press option returns, Fernando enters '38591' into Input returns ID, Fernando enters '16537' into Input Order ID, Fernando enters 'wdsqa ascas' into Input Customer, Fernando enters 'HP LP3065' into Input Product, Fernando enters 'Product 21' into Input Model, Fernando clicks on Click, Fernando clicks on Input Model, Fernando types 'ARROW_DOWN' in Input Model, Fernando types 'ENTER' in Input Model, Fernando clicks on Input Model, Fernando clicks on Input Model]], Then Know the list of existing products in return], Example: {username=demo, password=demo, option_sales=Orders, return_id=38591, order_id=16537, customer=wdsqa ascas, product=HP LP3065, model=Product 21, status=Awaiting Products, info_pages=Showing 1 to 1 of 1 (1 Pages)} [Given User of the Opencart page [Fernando open up [Fernando opens the Open page]], When Consult the information of the product return department
| username | password | option_sales | return_id | order_id | customer | product | model | status | info_pages |
| demo | demo | Orders | 38591 | 16537 | wdsqa ascas | HP LP3065 | Product 21 | Awaiting Products | Showing 1 to 1 of 1 (1 Pages) | [Fernando filtro opencart [Fernando enters 'demo' into Enter username, Fernando enters 'demo' into Enter password, Fernando clicks on Press login button]]]
[Test worker] WARN net.thucydides.core.steps.BaseStepListener - stepStarted: net.thucydides.core.steps.ExecutedStepDescription@4820a734
[Test worker] WARN net.thucydides.core.steps.BaseStepListener - stepFinished: current outcome:As a user, I want to consult through filters the information of the Product Returns:Example: {username=demo, password=demo, option_sales=Returns, return_id=38591, order_id=16537, customer=wdsqa ascas, product=HP LP3065, model=Product 21, status=Awaiting Products, info_pages=Showing 1 to 1 of 1 (1 Pages)} [Given User of the Opencart page [Fernando open up [Fernando opens the Open page]], When Consult the information of the product return department
| username | password | option_sales | return_id | order_id | customer | product | model | status | info_pages |
| demo | demo | Returns | 38591 | 16537 | wdsqa ascas | HP LP3065 | Product 21 | Awaiting Products | Showing 1 to 1 of 1 (1 Pages) | [Fernando filtro opencart [Fernando enters 'demo' into Enter username, Fernando enters 'demo' into Enter password, Fernando clicks on Press login button, Fernando clicks on Press menu sale, Fernando clicks on Press option returns, Fernando enters '38591' into Input returns ID, Fernando enters '16537' into Input Order ID, Fernando enters 'wdsqa ascas' into Input Customer, Fernando enters 'HP LP3065' into Input Product, Fernando enters 'Product 21' into Input Model, Fernando clicks on Click, Fernando clicks on Input Model, Fernando types 'ARROW_DOWN' in Input Model, Fernando types 'ENTER' in Input Model, Fernando clicks on Input Model, Fernando clicks on Input Model]], Then Know the list of existing products in return], Example: {username=demo, password=demo, option_sales=Orders, return_id=38591, order_id=16537, customer=wdsqa ascas, product=HP LP3065, model=Product 21, status=Awaiting Products, info_pages=Showing 1 to 1 of 1 (1 Pages)} [Given User of the Opencart page [Fernando open up [Fernando opens the Open page]], When Consult the information of the product return department
| username | password | option_sales | return_id | order_id | customer | product | model | status | info_pages |
| demo | demo | Orders | 38591 | 16537 | wdsqa ascas | HP LP3065 | Product 21 | Awaiting Products | Showing 1 to 1 of 1 (1 Pages) | [Fernando filtro opencart [Fernando enters 'demo' into Enter username, Fernando enters 'demo' into Enter password, Fernando clicks on Press login button, Fernando clicks on Press menu sale]]]
[Test worker] WARN net.thucydides.core.steps.BaseStepListener - stepStarted: net.thucydides.core.steps.ExecutedStepDescription@6b4fe033
[Test worker] WARN net.thucydides.core.steps.BaseStepListener - stepFinished: current outcome:As a user, I want to consult through filters the information of the Product Returns:Example: {username=demo, password=demo, option_sales=Returns, return_id=38591, order_id=16537, customer=wdsqa ascas, product=HP LP3065, model=Product 21, status=Awaiting Products, info_pages=Showing 1 to 1 of 1 (1 Pages)} [Given User of the Opencart page [Fernando open up [Fernando opens the Open page]], When Consult the information of the product return department
| username | password | option_sales | return_id | order_id | customer | product | model | status | info_pages |
| demo | demo | Returns | 38591 | 16537 | wdsqa ascas | HP LP3065 | Product 21 | Awaiting Products | Showing 1 to 1 of 1 (1 Pages) | [Fernando filtro opencart [Fernando enters 'demo' into Enter username, Fernando enters 'demo' into Enter password, Fernando clicks on Press login button, Fernando clicks on Press menu sale, Fernando clicks on Press option returns, Fernando enters '38591' into Input returns ID, Fernando enters '16537' into Input Order ID, Fernando enters 'wdsqa ascas' into Input Customer, Fernando enters 'HP LP3065' into Input Product, Fernando enters 'Product 21' into Input Model, Fernando clicks on Click, Fernando clicks on Input Model, Fernando types 'ARROW_DOWN' in Input Model, Fernando types 'ENTER' in Input Model, Fernando clicks on Input Model, Fernando clicks on Input Model]], Then Know the list of existing products in return], Example: {username=demo, password=demo, option_sales=Orders, return_id=38591, order_id=16537, customer=wdsqa ascas, product=HP LP3065, model=Product 21, status=Awaiting Products, info_pages=Showing 1 to 1 of 1 (1 Pages)} [Given User of the Opencart page [Fernando open up [Fernando opens the Open page]], When Consult the information of the product return department
| username | password | option_sales | return_id | order_id | customer | product | model | status | info_pages |
| demo | demo | Orders | 38591 | 16537 | wdsqa ascas | HP LP3065 | Product 21 | Awaiting Products | Showing 1 to 1 of 1 (1 Pages) | [Fernando filtro opencart [Fernando enters 'demo' into Enter username, Fernando enters 'demo' into Enter password, Fernando clicks on Press login button, Fernando clicks on Press menu sale, Fernando clicks on Press option orders]]]
[Test worker] WARN net.thucydides.core.steps.BaseStepListener - stepStarted: net.thucydides.core.steps.ExecutedStepDescription@418d4078
[Test worker] WARN net.thucydides.core.steps.BaseStepListener - stepStarted: net.thucydides.core.steps.ExecutedStepDescription@7b454fc2
[Test worker] WARN net.thucydides.core.steps.BaseStepListener - testFinished: As a user, I want to consult through filters the information of the Product Returns:Example: {username=demo, password=demo, option_sales=Returns, return_id=38591, order_id=16537, customer=wdsqa ascas, product=HP LP3065, model=Product 21, status=Awaiting Products, info_pages=Showing 1 to 1 of 1 (1 Pages)} [Given User of the Opencart page [Fernando open up [Fernando opens the Open page]], When Consult the information of the product return department
| username | password | option_sales | return_id | order_id | customer | product | model | status | info_pages |
| demo | demo | Returns | 38591 | 16537 | wdsqa ascas | HP LP3065 | Product 21 | Awaiting Products | Showing 1 to 1 of 1 (1 Pages) | [Fernando filtro opencart [Fernando enters 'demo' into Enter username, Fernando enters 'demo' into Enter password, Fernando clicks on Press login button, Fernando clicks on Press menu sale, Fernando clicks on Press option returns, Fernando enters '38591' into Input returns ID, Fernando enters '16537' into Input Order ID, Fernando enters 'wdsqa ascas' into Input Customer, Fernando enters 'HP LP3065' into Input Product, Fernando enters 'Product 21' into Input Model, Fernando clicks on Click, Fernando clicks on Input Model, Fernando types 'ARROW_DOWN' in Input Model, Fernando types 'ENTER' in Input Model, Fernando clicks on Input Model, Fernando clicks on Input Model]], Then Know the list of existing products in return], Example: {username=demo, password=demo, option_sales=Orders, return_id=38591, order_id=16537, customer=wdsqa ascas, product=HP LP3065, model=Product 21, status=Awaiting Products, info_pages=Showing 1 to 1 of 1 (1 Pages)} [Given User of the Opencart page [Fernando open up [Fernando opens the Open page]], When Consult the information of the product return department
| username | password | option_sales | return_id | order_id | customer | product | model | status | info_pages |
| demo | demo | Orders | 38591 | 16537 | wdsqa ascas | HP LP3065 | Product 21 | Awaiting Products | Showing 1 to 1 of 1 (1 Pages) | [Fernando filtro opencart [Fernando enters 'demo' into Enter username, Fernando enters 'demo' into Enter password, Fernando clicks on Press login button, Fernando clicks on Press menu sale, Fernando clicks on Press option orders, Fernando enters '38591' into Input returns ID]]], Then Know the list of existing products in return
[Test worker] WARN net.thucydides.core.steps.BaseStepListener - TestOutcomes: [As a user, I want to consult through filters the information of the Product Returns:Example: {username=demo, password=demo, option_sales=Returns, return_id=38591, order_id=16537, customer=wdsqa ascas, product=HP LP3065, model=Product 21, status=Awaiting Products, info_pages=Showing 1 to 1 of 1 (1 Pages)} [Given User of the Opencart page [Fernando open up [Fernando opens the Open page]], When Consult the information of the product return department
| username | password | option_sales | return_id | order_id | customer | product | model | status | info_pages |
| demo | demo | Returns | 38591 | 16537 | wdsqa ascas | HP LP3065 | Product 21 | Awaiting Products | Showing 1 to 1 of 1 (1 Pages) | [Fernando filtro opencart [Fernando enters 'demo' into Enter username, Fernando enters 'demo' into Enter password, Fernando clicks on Press login button, Fernando clicks on Press menu sale, Fernando clicks on Press option returns, Fernando enters '38591' into Input returns ID, Fernando enters '16537' into Input Order ID, Fernando enters 'wdsqa ascas' into Input Customer, Fernando enters 'HP LP3065' into Input Product, Fernando enters 'Product 21' into Input Model, Fernando clicks on Click, Fernando clicks on Input Model, Fernando types 'ARROW_DOWN' in Input Model, Fernando types 'ENTER' in Input Model, Fernando clicks on Input Model, Fernando clicks on Input Model]], Then Know the list of existing products in return], Example: {username=demo, password=demo, option_sales=Orders, return_id=38591, order_id=16537, customer=wdsqa ascas, product=HP LP3065, model=Product 21, status=Awaiting Products, info_pages=Showing 1 to 1 of 1 (1 Pages)} [Given User of the Opencart page [Fernando open up [Fernando opens the Open page]], When Consult the information of the product return department
| username | password | option_sales | return_id | order_id | customer | product | model | status | info_pages |
| demo | demo | Orders | 38591 | 16537 | wdsqa ascas | HP LP3065 | Product 21 | Awaiting Products | Showing 1 to 1 of 1 (1 Pages) | [Fernando filtro opencart [Fernando enters 'demo' into Enter username, Fernando enters 'demo' into Enter password, Fernando clicks on Press login button, Fernando clicks on Press menu sale, Fernando clicks on Press option orders, Fernando enters '38591' into Input returns ID]]], Then Know the list of existing products in return]
[Test worker] WARN net.thucydides.core.steps.BaseStepListener - Final testOutcomes: [As a user, I want to consult through filters the information of the Product Returns:Example: {username=demo, password=demo, option_sales=Returns, return_id=38591, order_id=16537, customer=wdsqa ascas, product=HP LP3065, model=Product 21, status=Awaiting Products, info_pages=Showing 1 to 1 of 1 (1 Pages)} [Given User of the Opencart page [Fernando open up [Fernando opens the Open page]], When Consult the information of the product return department
| username | password | option_sales | return_id | order_id | customer | product | model | status | info_pages |
| demo | demo | Returns | 38591 | 16537 | wdsqa ascas | HP LP3065 | Product 21 | Awaiting Products | Showing 1 to 1 of 1 (1 Pages) | [Fernando filtro opencart [Fernando enters 'demo' into Enter username, Fernando enters 'demo' into Enter password, Fernando clicks on Press login button, Fernando clicks on Press menu sale, Fernando clicks on Press option returns, Fernando enters '38591' into Input returns ID, Fernando enters '16537' into Input Order ID, Fernando enters 'wdsqa ascas' into Input Customer, Fernando enters 'HP LP3065' into Input Product, Fernando enters 'Product 21' into Input Model, Fernando clicks on Click, Fernando clicks on Input Model, Fernando types 'ARROW_DOWN' in Input Model, Fernando types 'ENTER' in Input Model, Fernando clicks on Input Model, Fernando clicks on Input Model]], Then Know the list of existing products in return], Example: {username=demo, password=demo, option_sales=Orders, return_id=38591, order_id=16537, customer=wdsqa ascas, product=HP LP3065, model=Product 21, status=Awaiting Products, info_pages=Showing 1 to 1 of 1 (1 Pages)} [Given User of the Opencart page [Fernando open up [Fernando opens the Open page]], When Consult the information of the product return department
| username | password | option_sales | return_id | order_id | customer | product | model | status | info_pages |
| demo | demo | Orders | 38591 | 16537 | wdsqa ascas | HP LP3065 | Product 21 | Awaiting Products | Showing 1 to 1 of 1 (1 Pages) | [Fernando filtro opencart [Fernando enters 'demo' into Enter username, Fernando enters 'demo' into Enter password, Fernando clicks on Press login button, Fernando clicks on Press menu sale, Fernando clicks on Press option orders, Fernando enters '38591' into Input returns ID]]], Then Know the list of existing products in return]
[Test worker] ERROR net.thucydides.core.steps.ConsoleLoggingListener - 
           __  _____ _____ ____ _____   _____ _    ___ _     _____ ____  
  _       / / |_   _| ____/ ___|_   _| |  ___/ \  |_ _| |   | ____|  _ \ 
 (_)_____| |    | | |  _| \___ \ | |   | |_ / _ \  | || |   |  _| | | | |
  _|_____| |    | | | |___ ___) || |   |  _/ ___ \ | || |___| |___| |_| |
 (_)     | |    |_| |_____|____/ |_|   |_|/_/   \_\___|_____|_____|____/ 
          \_\                                                            

TEST FAILED: As a user, I want to consult through filters the information of the Product Returns
--------------------------------------------------------------------------
[Test worker] ERROR net.thucydides.core.steps.ConsoleLoggingListener - TEST FAILED AT STEP Fernando enters '38591' into Input returns ID
[Test worker] ERROR net.thucydides.core.steps.ConsoleLoggingListener - Expected enabled element was not enabled
[Test worker] WARN net.thucydides.core.steps.BaseStepListener - stepStarted: net.thucydides.core.steps.ExecutedStepDescription@84ed121
[Test worker] WARN net.thucydides.core.steps.BaseStepListener - stepStarted: net.thucydides.core.steps.ExecutedStepDescription@6a83dde8
[Test worker] WARN net.thucydides.core.steps.BaseStepListener - stepStarted: net.thucydides.core.steps.ExecutedStepDescription@48905dfc
may 04, 2022 5:40:01 PM org.openqa.selenium.remote.DesiredCapabilities chrome
INFORMACIÃ“N: Using `new ChromeOptions()` is preferred to `DesiredCapabilities.chrome()`
[Test worker] INFO net.serenitybdd.core.webdriver.driverproviders.ProvideNewDriver - Instantiating driver
[Test worker] INFO net.serenitybdd.core.webdriver.driverproviders.ProvideNewDriver - Driver capabilities: Capabilities {acceptInsecureCerts: false, browserName: chrome, chrome.switches: --start-maximized, goog:chromeOptions: {args: [--start-maximized], extensions: []}, loggingPrefs: org.openqa.selenium.logging..., platform: ANY, version: }
Starting ChromeDriver 100.0.4896.60 (6a5d10861ce8de5fce22564658033b43cb7de047-refs/branch-heads/4896@{#875}) on port 38330
Only local connections are allowed.
Please see https://chromedriver.chromium.org/security-considerations for suggestions on keeping ChromeDriver safe.
ChromeDriver was started successfully.
may 04, 2022 5:40:02 PM org.openqa.selenium.remote.ProtocolHandshake createSession
INFORMACIÃ“N: Detected dialect: W3C
[Test worker] WARN net.thucydides.core.steps.BaseStepListener - stepFinished: current outcome:As a user, I want to consult through filters the information of the Product Returns:Example: {username=demo, password=demo, option_sales=Returns, return_id=38591, order_id=16537, customer=wdsqa ascas, product=HP LP3065, model=Product 21, status=Awaiting Products, info_pages=Showing 1 to 1 of 1 (1 Pages)} [Given User of the Opencart page [Fernando open up [Fernando opens the Open page]], When Consult the information of the product return department
| username | password | option_sales | return_id | order_id | customer | product | model | status | info_pages |
| demo | demo | Returns | 38591 | 16537 | wdsqa ascas | HP LP3065 | Product 21 | Awaiting Products | Showing 1 to 1 of 1 (1 Pages) | [Fernando filtro opencart [Fernando enters 'demo' into Enter username, Fernando enters 'demo' into Enter password, Fernando clicks on Press login button, Fernando clicks on Press menu sale, Fernando clicks on Press option returns, Fernando enters '38591' into Input returns ID, Fernando enters '16537' into Input Order ID, Fernando enters 'wdsqa ascas' into Input Customer, Fernando enters 'HP LP3065' into Input Product, Fernando enters 'Product 21' into Input Model, Fernando clicks on Click, Fernando clicks on Input Model, Fernando types 'ARROW_DOWN' in Input Model, Fernando types 'ENTER' in Input Model, Fernando clicks on Input Model, Fernando clicks on Input Model]], Then Know the list of existing products in return], Example: {username=demo, password=demo, option_sales=Orders, return_id=38591, order_id=16537, customer=wdsqa ascas, product=HP LP3065, model=Product 21, status=Awaiting Products, info_pages=Showing 1 to 1 of 1 (1 Pages)} [Given User of the Opencart page [Fernando open up [Fernando opens the Open page]], When Consult the information of the product return department
| username | password | option_sales | return_id | order_id | customer | product | model | status | info_pages |
| demo | demo | Orders | 38591 | 16537 | wdsqa ascas | HP LP3065 | Product 21 | Awaiting Products | Showing 1 to 1 of 1 (1 Pages) | [Fernando filtro opencart [Fernando enters 'demo' into Enter username, Fernando enters 'demo' into Enter password, Fernando clicks on Press login button, Fernando clicks on Press menu sale, Fernando clicks on Press option orders, Fernando enters '38591' into Input returns ID]]], Then Know the list of existing products in return, Example: {username=demo, password=demo, option_sales=Returns, return_id=38591, order_id=, customer=, product=, model=, status=Awaiting Products, info_pages=Showing 1 to 1 of 1 (1 Pages)} [Given User of the Opencart page [Fernando open up [Fernando opens the Open page]]]
[Test worker] WARN net.thucydides.core.steps.BaseStepListener - stepFinished: current outcome:As a user, I want to consult through filters the information of the Product Returns:Example: {username=demo, password=demo, option_sales=Returns, return_id=38591, order_id=16537, customer=wdsqa ascas, product=HP LP3065, model=Product 21, status=Awaiting Products, info_pages=Showing 1 to 1 of 1 (1 Pages)} [Given User of the Opencart page [Fernando open up [Fernando opens the Open page]], When Consult the information of the product return department
| username | password | option_sales | return_id | order_id | customer | product | model | status | info_pages |
| demo | demo | Returns | 38591 | 16537 | wdsqa ascas | HP LP3065 | Product 21 | Awaiting Products | Showing 1 to 1 of 1 (1 Pages) | [Fernando filtro opencart [Fernando enters 'demo' into Enter username, Fernando enters 'demo' into Enter password, Fernando clicks on Press login button, Fernando clicks on Press menu sale, Fernando clicks on Press option returns, Fernando enters '38591' into Input returns ID, Fernando enters '16537' into Input Order ID, Fernando enters 'wdsqa ascas' into Input Customer, Fernando enters 'HP LP3065' into Input Product, Fernando enters 'Product 21' into Input Model, Fernando clicks on Click, Fernando clicks on Input Model, Fernando types 'ARROW_DOWN' in Input Model, Fernando types 'ENTER' in Input Model, Fernando clicks on Input Model, Fernando clicks on Input Model]], Then Know the list of existing products in return], Example: {username=demo, password=demo, option_sales=Orders, return_id=38591, order_id=16537, customer=wdsqa ascas, product=HP LP3065, model=Product 21, status=Awaiting Products, info_pages=Showing 1 to 1 of 1 (1 Pages)} [Given User of the Opencart page [Fernando open up [Fernando opens the Open page]], When Consult the information of the product return department
| username | password | option_sales | return_id | order_id | customer | product | model | status | info_pages |
| demo | demo | Orders | 38591 | 16537 | wdsqa ascas | HP LP3065 | Product 21 | Awaiting Products | Showing 1 to 1 of 1 (1 Pages) | [Fernando filtro opencart [Fernando enters 'demo' into Enter username, Fernando enters 'demo' into Enter password, Fernando clicks on Press login button, Fernando clicks on Press menu sale, Fernando clicks on Press option orders, Fernando enters '38591' into Input returns ID]]], Then Know the list of existing products in return, Example: {username=demo, password=demo, option_sales=Returns, return_id=38591, order_id=, customer=, product=, model=, status=Awaiting Products, info_pages=Showing 1 to 1 of 1 (1 Pages)} [Given User of the Opencart page [Fernando open up [Fernando opens the Open page]]]
[Test worker] WARN net.thucydides.core.steps.BaseStepListener - stepFinished: current outcome:As a user, I want to consult through filters the information of the Product Returns:Example: {username=demo, password=demo, option_sales=Returns, return_id=38591, order_id=16537, customer=wdsqa ascas, product=HP LP3065, model=Product 21, status=Awaiting Products, info_pages=Showing 1 to 1 of 1 (1 Pages)} [Given User of the Opencart page [Fernando open up [Fernando opens the Open page]], When Consult the information of the product return department
| username | password | option_sales | return_id | order_id | customer | product | model | status | info_pages |
| demo | demo | Returns | 38591 | 16537 | wdsqa ascas | HP LP3065 | Product 21 | Awaiting Products | Showing 1 to 1 of 1 (1 Pages) | [Fernando filtro opencart [Fernando enters 'demo' into Enter username, Fernando enters 'demo' into Enter password, Fernando clicks on Press login button, Fernando clicks on Press menu sale, Fernando clicks on Press option returns, Fernando enters '38591' into Input returns ID, Fernando enters '16537' into Input Order ID, Fernando enters 'wdsqa ascas' into Input Customer, Fernando enters 'HP LP3065' into Input Product, Fernando enters 'Product 21' into Input Model, Fernando clicks on Click, Fernando clicks on Input Model, Fernando types 'ARROW_DOWN' in Input Model, Fernando types 'ENTER' in Input Model, Fernando clicks on Input Model, Fernando clicks on Input Model]], Then Know the list of existing products in return], Example: {username=demo, password=demo, option_sales=Orders, return_id=38591, order_id=16537, customer=wdsqa ascas, product=HP LP3065, model=Product 21, status=Awaiting Products, info_pages=Showing 1 to 1 of 1 (1 Pages)} [Given User of the Opencart page [Fernando open up [Fernando opens the Open page]], When Consult the information of the product return department
| username | password | option_sales | return_id | order_id | customer | product | model | status | info_pages |
| demo | demo | Orders | 38591 | 16537 | wdsqa ascas | HP LP3065 | Product 21 | Awaiting Products | Showing 1 to 1 of 1 (1 Pages) | [Fernando filtro opencart [Fernando enters 'demo' into Enter username, Fernando enters 'demo' into Enter password, Fernando clicks on Press login button, Fernando clicks on Press menu sale, Fernando clicks on Press option orders, Fernando enters '38591' into Input returns ID]]], Then Know the list of existing products in return, Example: {username=demo, password=demo, option_sales=Returns, return_id=38591, order_id=, customer=, product=, model=, status=Awaiting Products, info_pages=Showing 1 to 1 of 1 (1 Pages)} [Given User of the Opencart page [Fernando open up [Fernando opens the Open page]]]
[Test worker] WARN net.thucydides.core.steps.BaseStepListener - stepStarted: net.thucydides.core.steps.ExecutedStepDescription@14ec0b4a
[Test worker] WARN net.thucydides.core.steps.BaseStepListener - stepStarted: net.thucydides.core.steps.ExecutedStepDescription@178f2905
[Test worker] WARN net.thucydides.core.steps.BaseStepListener - stepStarted: net.thucydides.core.steps.ExecutedStepDescription@313b5cc
[Test worker] WARN net.thucydides.core.steps.BaseStepListener - stepFinished: current outcome:As a user, I want to consult through filters the information of the Product Returns:Example: {username=demo, password=demo, option_sales=Returns, return_id=38591, order_id=16537, customer=wdsqa ascas, product=HP LP3065, model=Product 21, status=Awaiting Products, info_pages=Showing 1 to 1 of 1 (1 Pages)} [Given User of the Opencart page [Fernando open up [Fernando opens the Open page]], When Consult the information of the product return department
| username | password | option_sales | return_id | order_id | customer | product | model | status | info_pages |
| demo | demo | Returns | 38591 | 16537 | wdsqa ascas | HP LP3065 | Product 21 | Awaiting Products | Showing 1 to 1 of 1 (1 Pages) | [Fernando filtro opencart [Fernando enters 'demo' into Enter username, Fernando enters 'demo' into Enter password, Fernando clicks on Press login button, Fernando clicks on Press menu sale, Fernando clicks on Press option returns, Fernando enters '38591' into Input returns ID, Fernando enters '16537' into Input Order ID, Fernando enters 'wdsqa ascas' into Input Customer, Fernando enters 'HP LP3065' into Input Product, Fernando enters 'Product 21' into Input Model, Fernando clicks on Click, Fernando clicks on Input Model, Fernando types 'ARROW_DOWN' in Input Model, Fernando types 'ENTER' in Input Model, Fernando clicks on Input Model, Fernando clicks on Input Model]], Then Know the list of existing products in return], Example: {username=demo, password=demo, option_sales=Orders, return_id=38591, order_id=16537, customer=wdsqa ascas, product=HP LP3065, model=Product 21, status=Awaiting Products, info_pages=Showing 1 to 1 of 1 (1 Pages)} [Given User of the Opencart page [Fernando open up [Fernando opens the Open page]], When Consult the information of the product return department
| username | password | option_sales | return_id | order_id | customer | product | model | status | info_pages |
| demo | demo | Orders | 38591 | 16537 | wdsqa ascas | HP LP3065 | Product 21 | Awaiting Products | Showing 1 to 1 of 1 (1 Pages) | [Fernando filtro opencart [Fernando enters 'demo' into Enter username, Fernando enters 'demo' into Enter password, Fernando clicks on Press login button, Fernando clicks on Press menu sale, Fernando clicks on Press option orders, Fernando enters '38591' into Input returns ID]]], Then Know the list of existing products in return, Example: {username=demo, password=demo, option_sales=Returns, return_id=38591, order_id=, customer=, product=, model=, status=Awaiting Products, info_pages=Showing 1 to 1 of 1 (1 Pages)} [Given User of the Opencart page [Fernando open up [Fernando opens the Open page]], When Consult the information of the product return department
| username | password | option_sales | return_id | order_id | customer | product | model | status | info_pages |
| demo | demo | Returns | 38591 |  |  |  |  | Awaiting Products | Showing 1 to 1 of 1 (1 Pages) | [Fernando filtro opencart [Fernando enters 'demo' into Enter username]]]
[Test worker] WARN net.thucydides.core.steps.BaseStepListener - stepStarted: net.thucydides.core.steps.ExecutedStepDescription@677aed0d
[Test worker] WARN net.thucydides.core.steps.BaseStepListener - stepFinished: current outcome:As a user, I want to consult through filters the information of the Product Returns:Example: {username=demo, password=demo, option_sales=Returns, return_id=38591, order_id=16537, customer=wdsqa ascas, product=HP LP3065, model=Product 21, status=Awaiting Products, info_pages=Showing 1 to 1 of 1 (1 Pages)} [Given User of the Opencart page [Fernando open up [Fernando opens the Open page]], When Consult the information of the product return department
| username | password | option_sales | return_id | order_id | customer | product | model | status | info_pages |
| demo | demo | Returns | 38591 | 16537 | wdsqa ascas | HP LP3065 | Product 21 | Awaiting Products | Showing 1 to 1 of 1 (1 Pages) | [Fernando filtro opencart [Fernando enters 'demo' into Enter username, Fernando enters 'demo' into Enter password, Fernando clicks on Press login button, Fernando clicks on Press menu sale, Fernando clicks on Press option returns, Fernando enters '38591' into Input returns ID, Fernando enters '16537' into Input Order ID, Fernando enters 'wdsqa ascas' into Input Customer, Fernando enters 'HP LP3065' into Input Product, Fernando enters 'Product 21' into Input Model, Fernando clicks on Click, Fernando clicks on Input Model, Fernando types 'ARROW_DOWN' in Input Model, Fernando types 'ENTER' in Input Model, Fernando clicks on Input Model, Fernando clicks on Input Model]], Then Know the list of existing products in return], Example: {username=demo, password=demo, option_sales=Orders, return_id=38591, order_id=16537, customer=wdsqa ascas, product=HP LP3065, model=Product 21, status=Awaiting Products, info_pages=Showing 1 to 1 of 1 (1 Pages)} [Given User of the Opencart page [Fernando open up [Fernando opens the Open page]], When Consult the information of the product return department
| username | password | option_sales | return_id | order_id | customer | product | model | status | info_pages |
| demo | demo | Orders | 38591 | 16537 | wdsqa ascas | HP LP3065 | Product 21 | Awaiting Products | Showing 1 to 1 of 1 (1 Pages) | [Fernando filtro opencart [Fernando enters 'demo' into Enter username, Fernando enters 'demo' into Enter password, Fernando clicks on Press login button, Fernando clicks on Press menu sale, Fernando clicks on Press option orders, Fernando enters '38591' into Input returns ID]]], Then Know the list of existing products in return, Example: {username=demo, password=demo, option_sales=Returns, return_id=38591, order_id=, customer=, product=, model=, status=Awaiting Products, info_pages=Showing 1 to 1 of 1 (1 Pages)} [Given User of the Opencart page [Fernando open up [Fernando opens the Open page]], When Consult the information of the product return department
| username | password | option_sales | return_id | order_id | customer | product | model | status | info_pages |
| demo | demo | Returns | 38591 |  |  |  |  | Awaiting Products | Showing 1 to 1 of 1 (1 Pages) | [Fernando filtro opencart [Fernando enters 'demo' into Enter username, Fernando enters 'demo' into Enter password]]]
[Test worker] WARN net.thucydides.core.steps.BaseStepListener - stepStarted: net.thucydides.core.steps.ExecutedStepDescription@2e53e62e
[Test worker] WARN net.thucydides.core.steps.BaseStepListener - stepFinished: current outcome:As a user, I want to consult through filters the information of the Product Returns:Example: {username=demo, password=demo, option_sales=Returns, return_id=38591, order_id=16537, customer=wdsqa ascas, product=HP LP3065, model=Product 21, status=Awaiting Products, info_pages=Showing 1 to 1 of 1 (1 Pages)} [Given User of the Opencart page [Fernando open up [Fernando opens the Open page]], When Consult the information of the product return department
| username | password | option_sales | return_id | order_id | customer | product | model | status | info_pages |
| demo | demo | Returns | 38591 | 16537 | wdsqa ascas | HP LP3065 | Product 21 | Awaiting Products | Showing 1 to 1 of 1 (1 Pages) | [Fernando filtro opencart [Fernando enters 'demo' into Enter username, Fernando enters 'demo' into Enter password, Fernando clicks on Press login button, Fernando clicks on Press menu sale, Fernando clicks on Press option returns, Fernando enters '38591' into Input returns ID, Fernando enters '16537' into Input Order ID, Fernando enters 'wdsqa ascas' into Input Customer, Fernando enters 'HP LP3065' into Input Product, Fernando enters 'Product 21' into Input Model, Fernando clicks on Click, Fernando clicks on Input Model, Fernando types 'ARROW_DOWN' in Input Model, Fernando types 'ENTER' in Input Model, Fernando clicks on Input Model, Fernando clicks on Input Model]], Then Know the list of existing products in return], Example: {username=demo, password=demo, option_sales=Orders, return_id=38591, order_id=16537, customer=wdsqa ascas, product=HP LP3065, model=Product 21, status=Awaiting Products, info_pages=Showing 1 to 1 of 1 (1 Pages)} [Given User of the Opencart page [Fernando open up [Fernando opens the Open page]], When Consult the information of the product return department
| username | password | option_sales | return_id | order_id | customer | product | model | status | info_pages |
| demo | demo | Orders | 38591 | 16537 | wdsqa ascas | HP LP3065 | Product 21 | Awaiting Products | Showing 1 to 1 of 1 (1 Pages) | [Fernando filtro opencart [Fernando enters 'demo' into Enter username, Fernando enters 'demo' into Enter password, Fernando clicks on Press login button, Fernando clicks on Press menu sale, Fernando clicks on Press option orders, Fernando enters '38591' into Input returns ID]]], Then Know the list of existing products in return, Example: {username=demo, password=demo, option_sales=Returns, return_id=38591, order_id=, customer=, product=, model=, status=Awaiting Products, info_pages=Showing 1 to 1 of 1 (1 Pages)} [Given User of the Opencart page [Fernando open up [Fernando opens the Open page]], When Consult the information of the product return department
| username | password | option_sales | return_id | order_id | customer | product | model | status | info_pages |
| demo | demo | Returns | 38591 |  |  |  |  | Awaiting Products | Showing 1 to 1 of 1 (1 Pages) | [Fernando filtro opencart [Fernando enters 'demo' into Enter username, Fernando enters 'demo' into Enter password, Fernando clicks on Press login button]]]
[Test worker] WARN net.thucydides.core.steps.BaseStepListener - stepStarted: net.thucydides.core.steps.ExecutedStepDescription@4ea2a210
[Test worker] WARN net.thucydides.core.steps.BaseStepListener - stepFinished: current outcome:As a user, I want to consult through filters the information of the Product Returns:Example: {username=demo, password=demo, option_sales=Returns, return_id=38591, order_id=16537, customer=wdsqa ascas, product=HP LP3065, model=Product 21, status=Awaiting Products, info_pages=Showing 1 to 1 of 1 (1 Pages)} [Given User of the Opencart page [Fernando open up [Fernando opens the Open page]], When Consult the information of the product return department
| username | password | option_sales | return_id | order_id | customer | product | model | status | info_pages |
| demo | demo | Returns | 38591 | 16537 | wdsqa ascas | HP LP3065 | Product 21 | Awaiting Products | Showing 1 to 1 of 1 (1 Pages) | [Fernando filtro opencart [Fernando enters 'demo' into Enter username, Fernando enters 'demo' into Enter password, Fernando clicks on Press login button, Fernando clicks on Press menu sale, Fernando clicks on Press option returns, Fernando enters '38591' into Input returns ID, Fernando enters '16537' into Input Order ID, Fernando enters 'wdsqa ascas' into Input Customer, Fernando enters 'HP LP3065' into Input Product, Fernando enters 'Product 21' into Input Model, Fernando clicks on Click, Fernando clicks on Input Model, Fernando types 'ARROW_DOWN' in Input Model, Fernando types 'ENTER' in Input Model, Fernando clicks on Input Model, Fernando clicks on Input Model]], Then Know the list of existing products in return], Example: {username=demo, password=demo, option_sales=Orders, return_id=38591, order_id=16537, customer=wdsqa ascas, product=HP LP3065, model=Product 21, status=Awaiting Products, info_pages=Showing 1 to 1 of 1 (1 Pages)} [Given User of the Opencart page [Fernando open up [Fernando opens the Open page]], When Consult the information of the product return department
| username | password | option_sales | return_id | order_id | customer | product | model | status | info_pages |
| demo | demo | Orders | 38591 | 16537 | wdsqa ascas | HP LP3065 | Product 21 | Awaiting Products | Showing 1 to 1 of 1 (1 Pages) | [Fernando filtro opencart [Fernando enters 'demo' into Enter username, Fernando enters 'demo' into Enter password, Fernando clicks on Press login button, Fernando clicks on Press menu sale, Fernando clicks on Press option orders, Fernando enters '38591' into Input returns ID]]], Then Know the list of existing products in return, Example: {username=demo, password=demo, option_sales=Returns, return_id=38591, order_id=, customer=, product=, model=, status=Awaiting Products, info_pages=Showing 1 to 1 of 1 (1 Pages)} [Given User of the Opencart page [Fernando open up [Fernando opens the Open page]], When Consult the information of the product return department
| username | password | option_sales | return_id | order_id | customer | product | model | status | info_pages |
| demo | demo | Returns | 38591 |  |  |  |  | Awaiting Products | Showing 1 to 1 of 1 (1 Pages) | [Fernando filtro opencart [Fernando enters 'demo' into Enter username, Fernando enters 'demo' into Enter password, Fernando clicks on Press login button, Fernando clicks on Press menu sale]]]
[Test worker] WARN net.thucydides.core.steps.BaseStepListener - stepStarted: net.thucydides.core.steps.ExecutedStepDescription@4c436b67
[Test worker] WARN net.thucydides.core.steps.BaseStepListener - stepFinished: current outcome:As a user, I want to consult through filters the information of the Product Returns:Example: {username=demo, password=demo, option_sales=Returns, return_id=38591, order_id=16537, customer=wdsqa ascas, product=HP LP3065, model=Product 21, status=Awaiting Products, info_pages=Showing 1 to 1 of 1 (1 Pages)} [Given User of the Opencart page [Fernando open up [Fernando opens the Open page]], When Consult the information of the product return department
| username | password | option_sales | return_id | order_id | customer | product | model | status | info_pages |
| demo | demo | Returns | 38591 | 16537 | wdsqa ascas | HP LP3065 | Product 21 | Awaiting Products | Showing 1 to 1 of 1 (1 Pages) | [Fernando filtro opencart [Fernando enters 'demo' into Enter username, Fernando enters 'demo' into Enter password, Fernando clicks on Press login button, Fernando clicks on Press menu sale, Fernando clicks on Press option returns, Fernando enters '38591' into Input returns ID, Fernando enters '16537' into Input Order ID, Fernando enters 'wdsqa ascas' into Input Customer, Fernando enters 'HP LP3065' into Input Product, Fernando enters 'Product 21' into Input Model, Fernando clicks on Click, Fernando clicks on Input Model, Fernando types 'ARROW_DOWN' in Input Model, Fernando types 'ENTER' in Input Model, Fernando clicks on Input Model, Fernando clicks on Input Model]], Then Know the list of existing products in return], Example: {username=demo, password=demo, option_sales=Orders, return_id=38591, order_id=16537, customer=wdsqa ascas, product=HP LP3065, model=Product 21, status=Awaiting Products, info_pages=Showing 1 to 1 of 1 (1 Pages)} [Given User of the Opencart page [Fernando open up [Fernando opens the Open page]], When Consult the information of the product return department
| username | password | option_sales | return_id | order_id | customer | product | model | status | info_pages |
| demo | demo | Orders | 38591 | 16537 | wdsqa ascas | HP LP3065 | Product 21 | Awaiting Products | Showing 1 to 1 of 1 (1 Pages) | [Fernando filtro opencart [Fernando enters 'demo' into Enter username, Fernando enters 'demo' into Enter password, Fernando clicks on Press login button, Fernando clicks on Press menu sale, Fernando clicks on Press option orders, Fernando enters '38591' into Input returns ID]]], Then Know the list of existing products in return, Example: {username=demo, password=demo, option_sales=Returns, return_id=38591, order_id=, customer=, product=, model=, status=Awaiting Products, info_pages=Showing 1 to 1 of 1 (1 Pages)} [Given User of the Opencart page [Fernando open up [Fernando opens the Open page]], When Consult the information of the product return department
| username | password | option_sales | return_id | order_id | customer | product | model | status | info_pages |
| demo | demo | Returns | 38591 |  |  |  |  | Awaiting Products | Showing 1 to 1 of 1 (1 Pages) | [Fernando filtro opencart [Fernando enters 'demo' into Enter username, Fernando enters 'demo' into Enter password, Fernando clicks on Press login button, Fernando clicks on Press menu sale, Fernando clicks on Press option returns]]]
[Test worker] WARN net.thucydides.core.steps.BaseStepListener - stepStarted: net.thucydides.core.steps.ExecutedStepDescription@29b725d0
[Test worker] WARN net.thucydides.core.steps.BaseStepListener - stepFinished: current outcome:As a user, I want to consult through filters the information of the Product Returns:Example: {username=demo, password=demo, option_sales=Returns, return_id=38591, order_id=16537, customer=wdsqa ascas, product=HP LP3065, model=Product 21, status=Awaiting Products, info_pages=Showing 1 to 1 of 1 (1 Pages)} [Given User of the Opencart page [Fernando open up [Fernando opens the Open page]], When Consult the information of the product return department
| username | password | option_sales | return_id | order_id | customer | product | model | status | info_pages |
| demo | demo | Returns | 38591 | 16537 | wdsqa ascas | HP LP3065 | Product 21 | Awaiting Products | Showing 1 to 1 of 1 (1 Pages) | [Fernando filtro opencart [Fernando enters 'demo' into Enter username, Fernando enters 'demo' into Enter password, Fernando clicks on Press login button, Fernando clicks on Press menu sale, Fernando clicks on Press option returns, Fernando enters '38591' into Input returns ID, Fernando enters '16537' into Input Order ID, Fernando enters 'wdsqa ascas' into Input Customer, Fernando enters 'HP LP3065' into Input Product, Fernando enters 'Product 21' into Input Model, Fernando clicks on Click, Fernando clicks on Input Model, Fernando types 'ARROW_DOWN' in Input Model, Fernando types 'ENTER' in Input Model, Fernando clicks on Input Model, Fernando clicks on Input Model]], Then Know the list of existing products in return], Example: {username=demo, password=demo, option_sales=Orders, return_id=38591, order_id=16537, customer=wdsqa ascas, product=HP LP3065, model=Product 21, status=Awaiting Products, info_pages=Showing 1 to 1 of 1 (1 Pages)} [Given User of the Opencart page [Fernando open up [Fernando opens the Open page]], When Consult the information of the product return department
| username | password | option_sales | return_id | order_id | customer | product | model | status | info_pages |
| demo | demo | Orders | 38591 | 16537 | wdsqa ascas | HP LP3065 | Product 21 | Awaiting Products | Showing 1 to 1 of 1 (1 Pages) | [Fernando filtro opencart [Fernando enters 'demo' into Enter username, Fernando enters 'demo' into Enter password, Fernando clicks on Press login button, Fernando clicks on Press menu sale, Fernando clicks on Press option orders, Fernando enters '38591' into Input returns ID]]], Then Know the list of existing products in return, Example: {username=demo, password=demo, option_sales=Returns, return_id=38591, order_id=, customer=, product=, model=, status=Awaiting Products, info_pages=Showing 1 to 1 of 1 (1 Pages)} [Given User of the Opencart page [Fernando open up [Fernando opens the Open page]], When Consult the information of the product return department
| username | password | option_sales | return_id | order_id | customer | product | model | status | info_pages |
| demo | demo | Returns | 38591 |  |  |  |  | Awaiting Products | Showing 1 to 1 of 1 (1 Pages) | [Fernando filtro opencart [Fernando enters 'demo' into Enter username, Fernando enters 'demo' into Enter password, Fernando clicks on Press login button, Fernando clicks on Press menu sale, Fernando clicks on Press option returns, Fernando enters '38591' into Input returns ID]]]
[Test worker] WARN net.thucydides.core.steps.BaseStepListener - stepStarted: net.thucydides.core.steps.ExecutedStepDescription@67ba6190
[Test worker] WARN net.thucydides.core.steps.BaseStepListener - stepFinished: current outcome:As a user, I want to consult through filters the information of the Product Returns:Example: {username=demo, password=demo, option_sales=Returns, return_id=38591, order_id=16537, customer=wdsqa ascas, product=HP LP3065, model=Product 21, status=Awaiting Products, info_pages=Showing 1 to 1 of 1 (1 Pages)} [Given User of the Opencart page [Fernando open up [Fernando opens the Open page]], When Consult the information of the product return department
| username | password | option_sales | return_id | order_id | customer | product | model | status | info_pages |
| demo | demo | Returns | 38591 | 16537 | wdsqa ascas | HP LP3065 | Product 21 | Awaiting Products | Showing 1 to 1 of 1 (1 Pages) | [Fernando filtro opencart [Fernando enters 'demo' into Enter username, Fernando enters 'demo' into Enter password, Fernando clicks on Press login button, Fernando clicks on Press menu sale, Fernando clicks on Press option returns, Fernando enters '38591' into Input returns ID, Fernando enters '16537' into Input Order ID, Fernando enters 'wdsqa ascas' into Input Customer, Fernando enters 'HP LP3065' into Input Product, Fernando enters 'Product 21' into Input Model, Fernando clicks on Click, Fernando clicks on Input Model, Fernando types 'ARROW_DOWN' in Input Model, Fernando types 'ENTER' in Input Model, Fernando clicks on Input Model, Fernando clicks on Input Model]], Then Know the list of existing products in return], Example: {username=demo, password=demo, option_sales=Orders, return_id=38591, order_id=16537, customer=wdsqa ascas, product=HP LP3065, model=Product 21, status=Awaiting Products, info_pages=Showing 1 to 1 of 1 (1 Pages)} [Given User of the Opencart page [Fernando open up [Fernando opens the Open page]], When Consult the information of the product return department
| username | password | option_sales | return_id | order_id | customer | product | model | status | info_pages |
| demo | demo | Orders | 38591 | 16537 | wdsqa ascas | HP LP3065 | Product 21 | Awaiting Products | Showing 1 to 1 of 1 (1 Pages) | [Fernando filtro opencart [Fernando enters 'demo' into Enter username, Fernando enters 'demo' into Enter password, Fernando clicks on Press login button, Fernando clicks on Press menu sale, Fernando clicks on Press option orders, Fernando enters '38591' into Input returns ID]]], Then Know the list of existing products in return, Example: {username=demo, password=demo, option_sales=Returns, return_id=38591, order_id=, customer=, product=, model=, status=Awaiting Products, info_pages=Showing 1 to 1 of 1 (1 Pages)} [Given User of the Opencart page [Fernando open up [Fernando opens the Open page]], When Consult the information of the product return department
| username | password | option_sales | return_id | order_id | customer | product | model | status | info_pages |
| demo | demo | Returns | 38591 |  |  |  |  | Awaiting Products | Showing 1 to 1 of 1 (1 Pages) | [Fernando filtro opencart [Fernando enters 'demo' into Enter username, Fernando enters 'demo' into Enter password, Fernando clicks on Press login button, Fernando clicks on Press menu sale, Fernando clicks on Press option returns, Fernando enters '38591' into Input returns ID, Fernando enters '' into Input Order ID]]]
[Test worker] WARN net.thucydides.core.steps.BaseStepListener - stepStarted: net.thucydides.core.steps.ExecutedStepDescription@31749036
[Test worker] WARN net.thucydides.core.steps.BaseStepListener - stepFinished: current outcome:As a user, I want to consult through filters the information of the Product Returns:Example: {username=demo, password=demo, option_sales=Returns, return_id=38591, order_id=16537, customer=wdsqa ascas, product=HP LP3065, model=Product 21, status=Awaiting Products, info_pages=Showing 1 to 1 of 1 (1 Pages)} [Given User of the Opencart page [Fernando open up [Fernando opens the Open page]], When Consult the information of the product return department
| username | password | option_sales | return_id | order_id | customer | product | model | status | info_pages |
| demo | demo | Returns | 38591 | 16537 | wdsqa ascas | HP LP3065 | Product 21 | Awaiting Products | Showing 1 to 1 of 1 (1 Pages) | [Fernando filtro opencart [Fernando enters 'demo' into Enter username, Fernando enters 'demo' into Enter password, Fernando clicks on Press login button, Fernando clicks on Press menu sale, Fernando clicks on Press option returns, Fernando enters '38591' into Input returns ID, Fernando enters '16537' into Input Order ID, Fernando enters 'wdsqa ascas' into Input Customer, Fernando enters 'HP LP3065' into Input Product, Fernando enters 'Product 21' into Input Model, Fernando clicks on Click, Fernando clicks on Input Model, Fernando types 'ARROW_DOWN' in Input Model, Fernando types 'ENTER' in Input Model, Fernando clicks on Input Model, Fernando clicks on Input Model]], Then Know the list of existing products in return], Example: {username=demo, password=demo, option_sales=Orders, return_id=38591, order_id=16537, customer=wdsqa ascas, product=HP LP3065, model=Product 21, status=Awaiting Products, info_pages=Showing 1 to 1 of 1 (1 Pages)} [Given User of the Opencart page [Fernando open up [Fernando opens the Open page]], When Consult the information of the product return department
| username | password | option_sales | return_id | order_id | customer | product | model | status | info_pages |
| demo | demo | Orders | 38591 | 16537 | wdsqa ascas | HP LP3065 | Product 21 | Awaiting Products | Showing 1 to 1 of 1 (1 Pages) | [Fernando filtro opencart [Fernando enters 'demo' into Enter username, Fernando enters 'demo' into Enter password, Fernando clicks on Press login button, Fernando clicks on Press menu sale, Fernando clicks on Press option orders, Fernando enters '38591' into Input returns ID]]], Then Know the list of existing products in return, Example: {username=demo, password=demo, option_sales=Returns, return_id=38591, order_id=, customer=, product=, model=, status=Awaiting Products, info_pages=Showing 1 to 1 of 1 (1 Pages)} [Given User of the Opencart page [Fernando open up [Fernando opens the Open page]], When Consult the information of the product return department
| username | password | option_sales | return_id | order_id | customer | product | model | status | info_pages |
| demo | demo | Returns | 38591 |  |  |  |  | Awaiting Products | Showing 1 to 1 of 1 (1 Pages) | [Fernando filtro opencart [Fernando enters 'demo' into Enter username, Fernando enters 'demo' into Enter password, Fernando clicks on Press login button, Fernando clicks on Press menu sale, Fernando clicks on Press option returns, Fernando enters '38591' into Input returns ID, Fernando enters '' into Input Order ID, Fernando enters '' into Input Customer]]]
[Test worker] WARN net.thucydides.core.steps.BaseStepListener - stepStarted: net.thucydides.core.steps.ExecutedStepDescription@72410284
[Test worker] WARN net.thucydides.core.steps.BaseStepListener - stepFinished: current outcome:As a user, I want to consult through filters the information of the Product Returns:Example: {username=demo, password=demo, option_sales=Returns, return_id=38591, order_id=16537, customer=wdsqa ascas, product=HP LP3065, model=Product 21, status=Awaiting Products, info_pages=Showing 1 to 1 of 1 (1 Pages)} [Given User of the Opencart page [Fernando open up [Fernando opens the Open page]], When Consult the information of the product return department
| username | password | option_sales | return_id | order_id | customer | product | model | status | info_pages |
| demo | demo | Returns | 38591 | 16537 | wdsqa ascas | HP LP3065 | Product 21 | Awaiting Products | Showing 1 to 1 of 1 (1 Pages) | [Fernando filtro opencart [Fernando enters 'demo' into Enter username, Fernando enters 'demo' into Enter password, Fernando clicks on Press login button, Fernando clicks on Press menu sale, Fernando clicks on Press option returns, Fernando enters '38591' into Input returns ID, Fernando enters '16537' into Input Order ID, Fernando enters 'wdsqa ascas' into Input Customer, Fernando enters 'HP LP3065' into Input Product, Fernando enters 'Product 21' into Input Model, Fernando clicks on Click, Fernando clicks on Input Model, Fernando types 'ARROW_DOWN' in Input Model, Fernando types 'ENTER' in Input Model, Fernando clicks on Input Model, Fernando clicks on Input Model]], Then Know the list of existing products in return], Example: {username=demo, password=demo, option_sales=Orders, return_id=38591, order_id=16537, customer=wdsqa ascas, product=HP LP3065, model=Product 21, status=Awaiting Products, info_pages=Showing 1 to 1 of 1 (1 Pages)} [Given User of the Opencart page [Fernando open up [Fernando opens the Open page]], When Consult the information of the product return department
| username | password | option_sales | return_id | order_id | customer | product | model | status | info_pages |
| demo | demo | Orders | 38591 | 16537 | wdsqa ascas | HP LP3065 | Product 21 | Awaiting Products | Showing 1 to 1 of 1 (1 Pages) | [Fernando filtro opencart [Fernando enters 'demo' into Enter username, Fernando enters 'demo' into Enter password, Fernando clicks on Press login button, Fernando clicks on Press menu sale, Fernando clicks on Press option orders, Fernando enters '38591' into Input returns ID]]], Then Know the list of existing products in return, Example: {username=demo, password=demo, option_sales=Returns, return_id=38591, order_id=, customer=, product=, model=, status=Awaiting Products, info_pages=Showing 1 to 1 of 1 (1 Pages)} [Given User of the Opencart page [Fernando open up [Fernando opens the Open page]], When Consult the information of the product return department
| username | password | option_sales | return_id | order_id | customer | product | model | status | info_pages |
| demo | demo | Returns | 38591 |  |  |  |  | Awaiting Products | Showing 1 to 1 of 1 (1 Pages) | [Fernando filtro opencart [Fernando enters 'demo' into Enter username, Fernando enters 'demo' into Enter password, Fernando clicks on Press login button, Fernando clicks on Press menu sale, Fernando clicks on Press option returns, Fernando enters '38591' into Input returns ID, Fernando enters '' into Input Order ID, Fernando enters '' into Input Customer, Fernando enters '' into Input Product]]]
[Test worker] WARN net.thucydides.core.steps.BaseStepListener - stepStarted: net.thucydides.core.steps.ExecutedStepDescription@79613632
[Test worker] WARN net.thucydides.core.steps.BaseStepListener - stepFinished: current outcome:As a user, I want to consult through filters the information of the Product Returns:Example: {username=demo, password=demo, option_sales=Returns, return_id=38591, order_id=16537, customer=wdsqa ascas, product=HP LP3065, model=Product 21, status=Awaiting Products, info_pages=Showing 1 to 1 of 1 (1 Pages)} [Given User of the Opencart page [Fernando open up [Fernando opens the Open page]], When Consult the information of the product return department
| username | password | option_sales | return_id | order_id | customer | product | model | status | info_pages |
| demo | demo | Returns | 38591 | 16537 | wdsqa ascas | HP LP3065 | Product 21 | Awaiting Products | Showing 1 to 1 of 1 (1 Pages) | [Fernando filtro opencart [Fernando enters 'demo' into Enter username, Fernando enters 'demo' into Enter password, Fernando clicks on Press login button, Fernando clicks on Press menu sale, Fernando clicks on Press option returns, Fernando enters '38591' into Input returns ID, Fernando enters '16537' into Input Order ID, Fernando enters 'wdsqa ascas' into Input Customer, Fernando enters 'HP LP3065' into Input Product, Fernando enters 'Product 21' into Input Model, Fernando clicks on Click, Fernando clicks on Input Model, Fernando types 'ARROW_DOWN' in Input Model, Fernando types 'ENTER' in Input Model, Fernando clicks on Input Model, Fernando clicks on Input Model]], Then Know the list of existing products in return], Example: {username=demo, password=demo, option_sales=Orders, return_id=38591, order_id=16537, customer=wdsqa ascas, product=HP LP3065, model=Product 21, status=Awaiting Products, info_pages=Showing 1 to 1 of 1 (1 Pages)} [Given User of the Opencart page [Fernando open up [Fernando opens the Open page]], When Consult the information of the product return department
| username | password | option_sales | return_id | order_id | customer | product | model | status | info_pages |
| demo | demo | Orders | 38591 | 16537 | wdsqa ascas | HP LP3065 | Product 21 | Awaiting Products | Showing 1 to 1 of 1 (1 Pages) | [Fernando filtro opencart [Fernando enters 'demo' into Enter username, Fernando enters 'demo' into Enter password, Fernando clicks on Press login button, Fernando clicks on Press menu sale, Fernando clicks on Press option orders, Fernando enters '38591' into Input returns ID]]], Then Know the list of existing products in return, Example: {username=demo, password=demo, option_sales=Returns, return_id=38591, order_id=, customer=, product=, model=, status=Awaiting Products, info_pages=Showing 1 to 1 of 1 (1 Pages)} [Given User of the Opencart page [Fernando open up [Fernando opens the Open page]], When Consult the information of the product return department
| username | password | option_sales | return_id | order_id | customer | product | model | status | info_pages |
| demo | demo | Returns | 38591 |  |  |  |  | Awaiting Products | Showing 1 to 1 of 1 (1 Pages) | [Fernando filtro opencart [Fernando enters 'demo' into Enter username, Fernando enters 'demo' into Enter password, Fernando clicks on Press login button, Fernando clicks on Press menu sale, Fernando clicks on Press option returns, Fernando enters '38591' into Input returns ID, Fernando enters '' into Input Order ID, Fernando enters '' into Input Customer, Fernando enters '' into Input Product, Fernando enters '' into Input Model]]]
[Test worker] WARN net.thucydides.core.steps.BaseStepListener - stepStarted: net.thucydides.core.steps.ExecutedStepDescription@7d6f512a
[Test worker] WARN net.thucydides.core.steps.BaseStepListener - stepFinished: current outcome:As a user, I want to consult through filters the information of the Product Returns:Example: {username=demo, password=demo, option_sales=Returns, return_id=38591, order_id=16537, customer=wdsqa ascas, product=HP LP3065, model=Product 21, status=Awaiting Products, info_pages=Showing 1 to 1 of 1 (1 Pages)} [Given User of the Opencart page [Fernando open up [Fernando opens the Open page]], When Consult the information of the product return department
| username | password | option_sales | return_id | order_id | customer | product | model | status | info_pages |
| demo | demo | Returns | 38591 | 16537 | wdsqa ascas | HP LP3065 | Product 21 | Awaiting Products | Showing 1 to 1 of 1 (1 Pages) | [Fernando filtro opencart [Fernando enters 'demo' into Enter username, Fernando enters 'demo' into Enter password, Fernando clicks on Press login button, Fernando clicks on Press menu sale, Fernando clicks on Press option returns, Fernando enters '38591' into Input returns ID, Fernando enters '16537' into Input Order ID, Fernando enters 'wdsqa ascas' into Input Customer, Fernando enters 'HP LP3065' into Input Product, Fernando enters 'Product 21' into Input Model, Fernando clicks on Click, Fernando clicks on Input Model, Fernando types 'ARROW_DOWN' in Input Model, Fernando types 'ENTER' in Input Model, Fernando clicks on Input Model, Fernando clicks on Input Model]], Then Know the list of existing products in return], Example: {username=demo, password=demo, option_sales=Orders, return_id=38591, order_id=16537, customer=wdsqa ascas, product=HP LP3065, model=Product 21, status=Awaiting Products, info_pages=Showing 1 to 1 of 1 (1 Pages)} [Given User of the Opencart page [Fernando open up [Fernando opens the Open page]], When Consult the information of the product return department
| username | password | option_sales | return_id | order_id | customer | product | model | status | info_pages |
| demo | demo | Orders | 38591 | 16537 | wdsqa ascas | HP LP3065 | Product 21 | Awaiting Products | Showing 1 to 1 of 1 (1 Pages) | [Fernando filtro opencart [Fernando enters 'demo' into Enter username, Fernando enters 'demo' into Enter password, Fernando clicks on Press login button, Fernando clicks on Press menu sale, Fernando clicks on Press option orders, Fernando enters '38591' into Input returns ID]]], Then Know the list of existing products in return, Example: {username=demo, password=demo, option_sales=Returns, return_id=38591, order_id=, customer=, product=, model=, status=Awaiting Products, info_pages=Showing 1 to 1 of 1 (1 Pages)} [Given User of the Opencart page [Fernando open up [Fernando opens the Open page]], When Consult the information of the product return department
| username | password | option_sales | return_id | order_id | customer | product | model | status | info_pages |
| demo | demo | Returns | 38591 |  |  |  |  | Awaiting Products | Showing 1 to 1 of 1 (1 Pages) | [Fernando filtro opencart [Fernando enters 'demo' into Enter username, Fernando enters 'demo' into Enter password, Fernando clicks on Press login button, Fernando clicks on Press menu sale, Fernando clicks on Press option returns, Fernando enters '38591' into Input returns ID, Fernando enters '' into Input Order ID, Fernando enters '' into Input Customer, Fernando enters '' into Input Product, Fernando enters '' into Input Model, Fernando clicks on Click]]]
[Test worker] WARN net.thucydides.core.steps.BaseStepListener - stepStarted: net.thucydides.core.steps.ExecutedStepDescription@468d07c5
[Test worker] WARN net.thucydides.core.steps.BaseStepListener - stepFinished: current outcome:As a user, I want to consult through filters the information of the Product Returns:Example: {username=demo, password=demo, option_sales=Returns, return_id=38591, order_id=16537, customer=wdsqa ascas, product=HP LP3065, model=Product 21, status=Awaiting Products, info_pages=Showing 1 to 1 of 1 (1 Pages)} [Given User of the Opencart page [Fernando open up [Fernando opens the Open page]], When Consult the information of the product return department
| username | password | option_sales | return_id | order_id | customer | product | model | status | info_pages |
| demo | demo | Returns | 38591 | 16537 | wdsqa ascas | HP LP3065 | Product 21 | Awaiting Products | Showing 1 to 1 of 1 (1 Pages) | [Fernando filtro opencart [Fernando enters 'demo' into Enter username, Fernando enters 'demo' into Enter password, Fernando clicks on Press login button, Fernando clicks on Press menu sale, Fernando clicks on Press option returns, Fernando enters '38591' into Input returns ID, Fernando enters '16537' into Input Order ID, Fernando enters 'wdsqa ascas' into Input Customer, Fernando enters 'HP LP3065' into Input Product, Fernando enters 'Product 21' into Input Model, Fernando clicks on Click, Fernando clicks on Input Model, Fernando types 'ARROW_DOWN' in Input Model, Fernando types 'ENTER' in Input Model, Fernando clicks on Input Model, Fernando clicks on Input Model]], Then Know the list of existing products in return], Example: {username=demo, password=demo, option_sales=Orders, return_id=38591, order_id=16537, customer=wdsqa ascas, product=HP LP3065, model=Product 21, status=Awaiting Products, info_pages=Showing 1 to 1 of 1 (1 Pages)} [Given User of the Opencart page [Fernando open up [Fernando opens the Open page]], When Consult the information of the product return department
| username | password | option_sales | return_id | order_id | customer | product | model | status | info_pages |
| demo | demo | Orders | 38591 | 16537 | wdsqa ascas | HP LP3065 | Product 21 | Awaiting Products | Showing 1 to 1 of 1 (1 Pages) | [Fernando filtro opencart [Fernando enters 'demo' into Enter username, Fernando enters 'demo' into Enter password, Fernando clicks on Press login button, Fernando clicks on Press menu sale, Fernando clicks on Press option orders, Fernando enters '38591' into Input returns ID]]], Then Know the list of existing products in return, Example: {username=demo, password=demo, option_sales=Returns, return_id=38591, order_id=, customer=, product=, model=, status=Awaiting Products, info_pages=Showing 1 to 1 of 1 (1 Pages)} [Given User of the Opencart page [Fernando open up [Fernando opens the Open page]], When Consult the information of the product return department
| username | password | option_sales | return_id | order_id | customer | product | model | status | info_pages |
| demo | demo | Returns | 38591 |  |  |  |  | Awaiting Products | Showing 1 to 1 of 1 (1 Pages) | [Fernando filtro opencart [Fernando enters 'demo' into Enter username, Fernando enters 'demo' into Enter password, Fernando clicks on Press login button, Fernando clicks on Press menu sale, Fernando clicks on Press option returns, Fernando enters '38591' into Input returns ID, Fernando enters '' into Input Order ID, Fernando enters '' into Input Customer, Fernando enters '' into Input Product, Fernando enters '' into Input Model, Fernando clicks on Click, Fernando clicks on Input Model]]]
[Test worker] WARN net.thucydides.core.steps.BaseStepListener - stepStarted: net.thucydides.core.steps.ExecutedStepDescription@4d334eb6
[Test worker] WARN net.thucydides.core.steps.BaseStepListener - stepFinished: current outcome:As a user, I want to consult through filters the information of the Product Returns:Example: {username=demo, password=demo, option_sales=Returns, return_id=38591, order_id=16537, customer=wdsqa ascas, product=HP LP3065, model=Product 21, status=Awaiting Products, info_pages=Showing 1 to 1 of 1 (1 Pages)} [Given User of the Opencart page [Fernando open up [Fernando opens the Open page]], When Consult the information of the product return department
| username | password | option_sales | return_id | order_id | customer | product | model | status | info_pages |
| demo | demo | Returns | 38591 | 16537 | wdsqa ascas | HP LP3065 | Product 21 | Awaiting Products | Showing 1 to 1 of 1 (1 Pages) | [Fernando filtro opencart [Fernando enters 'demo' into Enter username, Fernando enters 'demo' into Enter password, Fernando clicks on Press login button, Fernando clicks on Press menu sale, Fernando clicks on Press option returns, Fernando enters '38591' into Input returns ID, Fernando enters '16537' into Input Order ID, Fernando enters 'wdsqa ascas' into Input Customer, Fernando enters 'HP LP3065' into Input Product, Fernando enters 'Product 21' into Input Model, Fernando clicks on Click, Fernando clicks on Input Model, Fernando types 'ARROW_DOWN' in Input Model, Fernando types 'ENTER' in Input Model, Fernando clicks on Input Model, Fernando clicks on Input Model]], Then Know the list of existing products in return], Example: {username=demo, password=demo, option_sales=Orders, return_id=38591, order_id=16537, customer=wdsqa ascas, product=HP LP3065, model=Product 21, status=Awaiting Products, info_pages=Showing 1 to 1 of 1 (1 Pages)} [Given User of the Opencart page [Fernando open up [Fernando opens the Open page]], When Consult the information of the product return department
| username | password | option_sales | return_id | order_id | customer | product | model | status | info_pages |
| demo | demo | Orders | 38591 | 16537 | wdsqa ascas | HP LP3065 | Product 21 | Awaiting Products | Showing 1 to 1 of 1 (1 Pages) | [Fernando filtro opencart [Fernando enters 'demo' into Enter username, Fernando enters 'demo' into Enter password, Fernando clicks on Press login button, Fernando clicks on Press menu sale, Fernando clicks on Press option orders, Fernando enters '38591' into Input returns ID]]], Then Know the list of existing products in return, Example: {username=demo, password=demo, option_sales=Returns, return_id=38591, order_id=, customer=, product=, model=, status=Awaiting Products, info_pages=Showing 1 to 1 of 1 (1 Pages)} [Given User of the Opencart page [Fernando open up [Fernando opens the Open page]], When Consult the information of the product return department
| username | password | option_sales | return_id | order_id | customer | product | model | status | info_pages |
| demo | demo | Returns | 38591 |  |  |  |  | Awaiting Products | Showing 1 to 1 of 1 (1 Pages) | [Fernando filtro opencart [Fernando enters 'demo' into Enter username, Fernando enters 'demo' into Enter password, Fernando clicks on Press login button, Fernando clicks on Press menu sale, Fernando clicks on Press option returns, Fernando enters '38591' into Input returns ID, Fernando enters '' into Input Order ID, Fernando enters '' into Input Customer, Fernando enters '' into Input Product, Fernando enters '' into Input Model, Fernando clicks on Click, Fernando clicks on Input Model, Fernando types 'ARROW_DOWN' in Input Model]]]
[Test worker] WARN net.thucydides.core.steps.BaseStepListener - stepStarted: net.thucydides.core.steps.ExecutedStepDescription@41549867
[Test worker] WARN net.thucydides.core.steps.BaseStepListener - stepFinished: current outcome:As a user, I want to consult through filters the information of the Product Returns:Example: {username=demo, password=demo, option_sales=Returns, return_id=38591, order_id=16537, customer=wdsqa ascas, product=HP LP3065, model=Product 21, status=Awaiting Products, info_pages=Showing 1 to 1 of 1 (1 Pages)} [Given User of the Opencart page [Fernando open up [Fernando opens the Open page]], When Consult the information of the product return department
| username | password | option_sales | return_id | order_id | customer | product | model | status | info_pages |
| demo | demo | Returns | 38591 | 16537 | wdsqa ascas | HP LP3065 | Product 21 | Awaiting Products | Showing 1 to 1 of 1 (1 Pages) | [Fernando filtro opencart [Fernando enters 'demo' into Enter username, Fernando enters 'demo' into Enter password, Fernando clicks on Press login button, Fernando clicks on Press menu sale, Fernando clicks on Press option returns, Fernando enters '38591' into Input returns ID, Fernando enters '16537' into Input Order ID, Fernando enters 'wdsqa ascas' into Input Customer, Fernando enters 'HP LP3065' into Input Product, Fernando enters 'Product 21' into Input Model, Fernando clicks on Click, Fernando clicks on Input Model, Fernando types 'ARROW_DOWN' in Input Model, Fernando types 'ENTER' in Input Model, Fernando clicks on Input Model, Fernando clicks on Input Model]], Then Know the list of existing products in return], Example: {username=demo, password=demo, option_sales=Orders, return_id=38591, order_id=16537, customer=wdsqa ascas, product=HP LP3065, model=Product 21, status=Awaiting Products, info_pages=Showing 1 to 1 of 1 (1 Pages)} [Given User of the Opencart page [Fernando open up [Fernando opens the Open page]], When Consult the information of the product return department
| username | password | option_sales | return_id | order_id | customer | product | model | status | info_pages |
| demo | demo | Orders | 38591 | 16537 | wdsqa ascas | HP LP3065 | Product 21 | Awaiting Products | Showing 1 to 1 of 1 (1 Pages) | [Fernando filtro opencart [Fernando enters 'demo' into Enter username, Fernando enters 'demo' into Enter password, Fernando clicks on Press login button, Fernando clicks on Press menu sale, Fernando clicks on Press option orders, Fernando enters '38591' into Input returns ID]]], Then Know the list of existing products in return, Example: {username=demo, password=demo, option_sales=Returns, return_id=38591, order_id=, customer=, product=, model=, status=Awaiting Products, info_pages=Showing 1 to 1 of 1 (1 Pages)} [Given User of the Opencart page [Fernando open up [Fernando opens the Open page]], When Consult the information of the product return department
| username | password | option_sales | return_id | order_id | customer | product | model | status | info_pages |
| demo | demo | Returns | 38591 |  |  |  |  | Awaiting Products | Showing 1 to 1 of 1 (1 Pages) | [Fernando filtro opencart [Fernando enters 'demo' into Enter username, Fernando enters 'demo' into Enter password, Fernando clicks on Press login button, Fernando clicks on Press menu sale, Fernando clicks on Press option returns, Fernando enters '38591' into Input returns ID, Fernando enters '' into Input Order ID, Fernando enters '' into Input Customer, Fernando enters '' into Input Product, Fernando enters '' into Input Model, Fernando clicks on Click, Fernando clicks on Input Model, Fernando types 'ARROW_DOWN' in Input Model, Fernando types 'ENTER' in Input Model]]]
[Test worker] WARN net.thucydides.core.steps.BaseStepListener - stepStarted: net.thucydides.core.steps.ExecutedStepDescription@5c1d9ab4
[Test worker] WARN net.thucydides.core.steps.BaseStepListener - stepFinished: current outcome:As a user, I want to consult through filters the information of the Product Returns:Example: {username=demo, password=demo, option_sales=Returns, return_id=38591, order_id=16537, customer=wdsqa ascas, product=HP LP3065, model=Product 21, status=Awaiting Products, info_pages=Showing 1 to 1 of 1 (1 Pages)} [Given User of the Opencart page [Fernando open up [Fernando opens the Open page]], When Consult the information of the product return department
| username | password | option_sales | return_id | order_id | customer | product | model | status | info_pages |
| demo | demo | Returns | 38591 | 16537 | wdsqa ascas | HP LP3065 | Product 21 | Awaiting Products | Showing 1 to 1 of 1 (1 Pages) | [Fernando filtro opencart [Fernando enters 'demo' into Enter username, Fernando enters 'demo' into Enter password, Fernando clicks on Press login button, Fernando clicks on Press menu sale, Fernando clicks on Press option returns, Fernando enters '38591' into Input returns ID, Fernando enters '16537' into Input Order ID, Fernando enters 'wdsqa ascas' into Input Customer, Fernando enters 'HP LP3065' into Input Product, Fernando enters 'Product 21' into Input Model, Fernando clicks on Click, Fernando clicks on Input Model, Fernando types 'ARROW_DOWN' in Input Model, Fernando types 'ENTER' in Input Model, Fernando clicks on Input Model, Fernando clicks on Input Model]], Then Know the list of existing products in return], Example: {username=demo, password=demo, option_sales=Orders, return_id=38591, order_id=16537, customer=wdsqa ascas, product=HP LP3065, model=Product 21, status=Awaiting Products, info_pages=Showing 1 to 1 of 1 (1 Pages)} [Given User of the Opencart page [Fernando open up [Fernando opens the Open page]], When Consult the information of the product return department
| username | password | option_sales | return_id | order_id | customer | product | model | status | info_pages |
| demo | demo | Orders | 38591 | 16537 | wdsqa ascas | HP LP3065 | Product 21 | Awaiting Products | Showing 1 to 1 of 1 (1 Pages) | [Fernando filtro opencart [Fernando enters 'demo' into Enter username, Fernando enters 'demo' into Enter password, Fernando clicks on Press login button, Fernando clicks on Press menu sale, Fernando clicks on Press option orders, Fernando enters '38591' into Input returns ID]]], Then Know the list of existing products in return, Example: {username=demo, password=demo, option_sales=Returns, return_id=38591, order_id=, customer=, product=, model=, status=Awaiting Products, info_pages=Showing 1 to 1 of 1 (1 Pages)} [Given User of the Opencart page [Fernando open up [Fernando opens the Open page]], When Consult the information of the product return department
| username | password | option_sales | return_id | order_id | customer | product | model | status | info_pages |
| demo | demo | Returns | 38591 |  |  |  |  | Awaiting Products | Showing 1 to 1 of 1 (1 Pages) | [Fernando filtro opencart [Fernando enters 'demo' into Enter username, Fernando enters 'demo' into Enter password, Fernando clicks on Press login button, Fernando clicks on Press menu sale, Fernando clicks on Press option returns, Fernando enters '38591' into Input returns ID, Fernando enters '' into Input Order ID, Fernando enters '' into Input Customer, Fernando enters '' into Input Product, Fernando enters '' into Input Model, Fernando clicks on Click, Fernando clicks on Input Model, Fernando types 'ARROW_DOWN' in Input Model, Fernando types 'ENTER' in Input Model, Fernando clicks on Input Model]]]
[Test worker] WARN net.thucydides.core.steps.BaseStepListener - stepStarted: net.thucydides.core.steps.ExecutedStepDescription@5e083f77
[Test worker] WARN net.thucydides.core.steps.BaseStepListener - stepFinished: current outcome:As a user, I want to consult through filters the information of the Product Returns:Example: {username=demo, password=demo, option_sales=Returns, return_id=38591, order_id=16537, customer=wdsqa ascas, product=HP LP3065, model=Product 21, status=Awaiting Products, info_pages=Showing 1 to 1 of 1 (1 Pages)} [Given User of the Opencart page [Fernando open up [Fernando opens the Open page]], When Consult the information of the product return department
| username | password | option_sales | return_id | order_id | customer | product | model | status | info_pages |
| demo | demo | Returns | 38591 | 16537 | wdsqa ascas | HP LP3065 | Product 21 | Awaiting Products | Showing 1 to 1 of 1 (1 Pages) | [Fernando filtro opencart [Fernando enters 'demo' into Enter username, Fernando enters 'demo' into Enter password, Fernando clicks on Press login button, Fernando clicks on Press menu sale, Fernando clicks on Press option returns, Fernando enters '38591' into Input returns ID, Fernando enters '16537' into Input Order ID, Fernando enters 'wdsqa ascas' into Input Customer, Fernando enters 'HP LP3065' into Input Product, Fernando enters 'Product 21' into Input Model, Fernando clicks on Click, Fernando clicks on Input Model, Fernando types 'ARROW_DOWN' in Input Model, Fernando types 'ENTER' in Input Model, Fernando clicks on Input Model, Fernando clicks on Input Model]], Then Know the list of existing products in return], Example: {username=demo, password=demo, option_sales=Orders, return_id=38591, order_id=16537, customer=wdsqa ascas, product=HP LP3065, model=Product 21, status=Awaiting Products, info_pages=Showing 1 to 1 of 1 (1 Pages)} [Given User of the Opencart page [Fernando open up [Fernando opens the Open page]], When Consult the information of the product return department
| username | password | option_sales | return_id | order_id | customer | product | model | status | info_pages |
| demo | demo | Orders | 38591 | 16537 | wdsqa ascas | HP LP3065 | Product 21 | Awaiting Products | Showing 1 to 1 of 1 (1 Pages) | [Fernando filtro opencart [Fernando enters 'demo' into Enter username, Fernando enters 'demo' into Enter password, Fernando clicks on Press login button, Fernando clicks on Press menu sale, Fernando clicks on Press option orders, Fernando enters '38591' into Input returns ID]]], Then Know the list of existing products in return, Example: {username=demo, password=demo, option_sales=Returns, return_id=38591, order_id=, customer=, product=, model=, status=Awaiting Products, info_pages=Showing 1 to 1 of 1 (1 Pages)} [Given User of the Opencart page [Fernando open up [Fernando opens the Open page]], When Consult the information of the product return department
| username | password | option_sales | return_id | order_id | customer | product | model | status | info_pages |
| demo | demo | Returns | 38591 |  |  |  |  | Awaiting Products | Showing 1 to 1 of 1 (1 Pages) | [Fernando filtro opencart [Fernando enters 'demo' into Enter username, Fernando enters 'demo' into Enter password, Fernando clicks on Press login button, Fernando clicks on Press menu sale, Fernando clicks on Press option returns, Fernando enters '38591' into Input returns ID, Fernando enters '' into Input Order ID, Fernando enters '' into Input Customer, Fernando enters '' into Input Product, Fernando enters '' into Input Model, Fernando clicks on Click, Fernando clicks on Input Model, Fernando types 'ARROW_DOWN' in Input Model, Fernando types 'ENTER' in Input Model, Fernando clicks on Input Model, Fernando clicks on Input Model]]]
[Test worker] WARN net.thucydides.core.steps.BaseStepListener - stepFinished: current outcome:As a user, I want to consult through filters the information of the Product Returns:Example: {username=demo, password=demo, option_sales=Returns, return_id=38591, order_id=16537, customer=wdsqa ascas, product=HP LP3065, model=Product 21, status=Awaiting Products, info_pages=Showing 1 to 1 of 1 (1 Pages)} [Given User of the Opencart page [Fernando open up [Fernando opens the Open page]], When Consult the information of the product return department
| username | password | option_sales | return_id | order_id | customer | product | model | status | info_pages |
| demo | demo | Returns | 38591 | 16537 | wdsqa ascas | HP LP3065 | Product 21 | Awaiting Products | Showing 1 to 1 of 1 (1 Pages) | [Fernando filtro opencart [Fernando enters 'demo' into Enter username, Fernando enters 'demo' into Enter password, Fernando clicks on Press login button, Fernando clicks on Press menu sale, Fernando clicks on Press option returns, Fernando enters '38591' into Input returns ID, Fernando enters '16537' into Input Order ID, Fernando enters 'wdsqa ascas' into Input Customer, Fernando enters 'HP LP3065' into Input Product, Fernando enters 'Product 21' into Input Model, Fernando clicks on Click, Fernando clicks on Input Model, Fernando types 'ARROW_DOWN' in Input Model, Fernando types 'ENTER' in Input Model, Fernando clicks on Input Model, Fernando clicks on Input Model]], Then Know the list of existing products in return], Example: {username=demo, password=demo, option_sales=Orders, return_id=38591, order_id=16537, customer=wdsqa ascas, product=HP LP3065, model=Product 21, status=Awaiting Products, info_pages=Showing 1 to 1 of 1 (1 Pages)} [Given User of the Opencart page [Fernando open up [Fernando opens the Open page]], When Consult the information of the product return department
| username | password | option_sales | return_id | order_id | customer | product | model | status | info_pages |
| demo | demo | Orders | 38591 | 16537 | wdsqa ascas | HP LP3065 | Product 21 | Awaiting Products | Showing 1 to 1 of 1 (1 Pages) | [Fernando filtro opencart [Fernando enters 'demo' into Enter username, Fernando enters 'demo' into Enter password, Fernando clicks on Press login button, Fernando clicks on Press menu sale, Fernando clicks on Press option orders, Fernando enters '38591' into Input returns ID]]], Then Know the list of existing products in return, Example: {username=demo, password=demo, option_sales=Returns, return_id=38591, order_id=, customer=, product=, model=, status=Awaiting Products, info_pages=Showing 1 to 1 of 1 (1 Pages)} [Given User of the Opencart page [Fernando open up [Fernando opens the Open page]], When Consult the information of the product return department
| username | password | option_sales | return_id | order_id | customer | product | model | status | info_pages |
| demo | demo | Returns | 38591 |  |  |  |  | Awaiting Products | Showing 1 to 1 of 1 (1 Pages) | [Fernando filtro opencart [Fernando enters 'demo' into Enter username, Fernando enters 'demo' into Enter password, Fernando clicks on Press login button, Fernando clicks on Press menu sale, Fernando clicks on Press option returns, Fernando enters '38591' into Input returns ID, Fernando enters '' into Input Order ID, Fernando enters '' into Input Customer, Fernando enters '' into Input Product, Fernando enters '' into Input Model, Fernando clicks on Click, Fernando clicks on Input Model, Fernando types 'ARROW_DOWN' in Input Model, Fernando types 'ENTER' in Input Model, Fernando clicks on Input Model, Fernando clicks on Input Model]]]
[Test worker] WARN net.thucydides.core.steps.BaseStepListener - stepFinished: current outcome:As a user, I want to consult through filters the information of the Product Returns:Example: {username=demo, password=demo, option_sales=Returns, return_id=38591, order_id=16537, customer=wdsqa ascas, product=HP LP3065, model=Product 21, status=Awaiting Products, info_pages=Showing 1 to 1 of 1 (1 Pages)} [Given User of the Opencart page [Fernando open up [Fernando opens the Open page]], When Consult the information of the product return department
| username | password | option_sales | return_id | order_id | customer | product | model | status | info_pages |
| demo | demo | Returns | 38591 | 16537 | wdsqa ascas | HP LP3065 | Product 21 | Awaiting Products | Showing 1 to 1 of 1 (1 Pages) | [Fernando filtro opencart [Fernando enters 'demo' into Enter username, Fernando enters 'demo' into Enter password, Fernando clicks on Press login button, Fernando clicks on Press menu sale, Fernando clicks on Press option returns, Fernando enters '38591' into Input returns ID, Fernando enters '16537' into Input Order ID, Fernando enters 'wdsqa ascas' into Input Customer, Fernando enters 'HP LP3065' into Input Product, Fernando enters 'Product 21' into Input Model, Fernando clicks on Click, Fernando clicks on Input Model, Fernando types 'ARROW_DOWN' in Input Model, Fernando types 'ENTER' in Input Model, Fernando clicks on Input Model, Fernando clicks on Input Model]], Then Know the list of existing products in return], Example: {username=demo, password=demo, option_sales=Orders, return_id=38591, order_id=16537, customer=wdsqa ascas, product=HP LP3065, model=Product 21, status=Awaiting Products, info_pages=Showing 1 to 1 of 1 (1 Pages)} [Given User of the Opencart page [Fernando open up [Fernando opens the Open page]], When Consult the information of the product return department
| username | password | option_sales | return_id | order_id | customer | product | model | status | info_pages |
| demo | demo | Orders | 38591 | 16537 | wdsqa ascas | HP LP3065 | Product 21 | Awaiting Products | Showing 1 to 1 of 1 (1 Pages) | [Fernando filtro opencart [Fernando enters 'demo' into Enter username, Fernando enters 'demo' into Enter password, Fernando clicks on Press login button, Fernando clicks on Press menu sale, Fernando clicks on Press option orders, Fernando enters '38591' into Input returns ID]]], Then Know the list of existing products in return, Example: {username=demo, password=demo, option_sales=Returns, return_id=38591, order_id=, customer=, product=, model=, status=Awaiting Products, info_pages=Showing 1 to 1 of 1 (1 Pages)} [Given User of the Opencart page [Fernando open up [Fernando opens the Open page]], When Consult the information of the product return department
| username | password | option_sales | return_id | order_id | customer | product | model | status | info_pages |
| demo | demo | Returns | 38591 |  |  |  |  | Awaiting Products | Showing 1 to 1 of 1 (1 Pages) | [Fernando filtro opencart [Fernando enters 'demo' into Enter username, Fernando enters 'demo' into Enter password, Fernando clicks on Press login button, Fernando clicks on Press menu sale, Fernando clicks on Press option returns, Fernando enters '38591' into Input returns ID, Fernando enters '' into Input Order ID, Fernando enters '' into Input Customer, Fernando enters '' into Input Product, Fernando enters '' into Input Model, Fernando clicks on Click, Fernando clicks on Input Model, Fernando types 'ARROW_DOWN' in Input Model, Fernando types 'ENTER' in Input Model, Fernando clicks on Input Model, Fernando clicks on Input Model]]]
[Test worker] WARN net.thucydides.core.steps.BaseStepListener - stepStarted: net.thucydides.core.steps.ExecutedStepDescription@7f6bfbb4
[Test worker] WARN net.thucydides.core.steps.BaseStepListener - stepFinished: current outcome:As a user, I want to consult through filters the information of the Product Returns:Example: {username=demo, password=demo, option_sales=Returns, return_id=38591, order_id=16537, customer=wdsqa ascas, product=HP LP3065, model=Product 21, status=Awaiting Products, info_pages=Showing 1 to 1 of 1 (1 Pages)} [Given User of the Opencart page [Fernando open up [Fernando opens the Open page]], When Consult the information of the product return department
| username | password | option_sales | return_id | order_id | customer | product | model | status | info_pages |
| demo | demo | Returns | 38591 | 16537 | wdsqa ascas | HP LP3065 | Product 21 | Awaiting Products | Showing 1 to 1 of 1 (1 Pages) | [Fernando filtro opencart [Fernando enters 'demo' into Enter username, Fernando enters 'demo' into Enter password, Fernando clicks on Press login button, Fernando clicks on Press menu sale, Fernando clicks on Press option returns, Fernando enters '38591' into Input returns ID, Fernando enters '16537' into Input Order ID, Fernando enters 'wdsqa ascas' into Input Customer, Fernando enters 'HP LP3065' into Input Product, Fernando enters 'Product 21' into Input Model, Fernando clicks on Click, Fernando clicks on Input Model, Fernando types 'ARROW_DOWN' in Input Model, Fernando types 'ENTER' in Input Model, Fernando clicks on Input Model, Fernando clicks on Input Model]], Then Know the list of existing products in return], Example: {username=demo, password=demo, option_sales=Orders, return_id=38591, order_id=16537, customer=wdsqa ascas, product=HP LP3065, model=Product 21, status=Awaiting Products, info_pages=Showing 1 to 1 of 1 (1 Pages)} [Given User of the Opencart page [Fernando open up [Fernando opens the Open page]], When Consult the information of the product return department
| username | password | option_sales | return_id | order_id | customer | product | model | status | info_pages |
| demo | demo | Orders | 38591 | 16537 | wdsqa ascas | HP LP3065 | Product 21 | Awaiting Products | Showing 1 to 1 of 1 (1 Pages) | [Fernando filtro opencart [Fernando enters 'demo' into Enter username, Fernando enters 'demo' into Enter password, Fernando clicks on Press login button, Fernando clicks on Press menu sale, Fernando clicks on Press option orders, Fernando enters '38591' into Input returns ID]]], Then Know the list of existing products in return, Example: {username=demo, password=demo, option_sales=Returns, return_id=38591, order_id=, customer=, product=, model=, status=Awaiting Products, info_pages=Showing 1 to 1 of 1 (1 Pages)} [Given User of the Opencart page [Fernando open up [Fernando opens the Open page]], When Consult the information of the product return department
| username | password | option_sales | return_id | order_id | customer | product | model | status | info_pages |
| demo | demo | Returns | 38591 |  |  |  |  | Awaiting Products | Showing 1 to 1 of 1 (1 Pages) | [Fernando filtro opencart [Fernando enters 'demo' into Enter username, Fernando enters 'demo' into Enter password, Fernando clicks on Press login button, Fernando clicks on Press menu sale, Fernando clicks on Press option returns, Fernando enters '38591' into Input returns ID, Fernando enters '' into Input Order ID, Fernando enters '' into Input Customer, Fernando enters '' into Input Product, Fernando enters '' into Input Model, Fernando clicks on Click, Fernando clicks on Input Model, Fernando types 'ARROW_DOWN' in Input Model, Fernando types 'ENTER' in Input Model, Fernando clicks on Input Model, Fernando clicks on Input Model]], Then Know the list of existing products in return]
[Test worker] WARN net.thucydides.core.steps.BaseStepListener - stepFinished: current outcome:As a user, I want to consult through filters the information of the Product Returns:Example: {username=demo, password=demo, option_sales=Returns, return_id=38591, order_id=16537, customer=wdsqa ascas, product=HP LP3065, model=Product 21, status=Awaiting Products, info_pages=Showing 1 to 1 of 1 (1 Pages)} [Given User of the Opencart page [Fernando open up [Fernando opens the Open page]], When Consult the information of the product return department
| username | password | option_sales | return_id | order_id | customer | product | model | status | info_pages |
| demo | demo | Returns | 38591 | 16537 | wdsqa ascas | HP LP3065 | Product 21 | Awaiting Products | Showing 1 to 1 of 1 (1 Pages) | [Fernando filtro opencart [Fernando enters 'demo' into Enter username, Fernando enters 'demo' into Enter password, Fernando clicks on Press login button, Fernando clicks on Press menu sale, Fernando clicks on Press option returns, Fernando enters '38591' into Input returns ID, Fernando enters '16537' into Input Order ID, Fernando enters 'wdsqa ascas' into Input Customer, Fernando enters 'HP LP3065' into Input Product, Fernando enters 'Product 21' into Input Model, Fernando clicks on Click, Fernando clicks on Input Model, Fernando types 'ARROW_DOWN' in Input Model, Fernando types 'ENTER' in Input Model, Fernando clicks on Input Model, Fernando clicks on Input Model]], Then Know the list of existing products in return], Example: {username=demo, password=demo, option_sales=Orders, return_id=38591, order_id=16537, customer=wdsqa ascas, product=HP LP3065, model=Product 21, status=Awaiting Products, info_pages=Showing 1 to 1 of 1 (1 Pages)} [Given User of the Opencart page [Fernando open up [Fernando opens the Open page]], When Consult the information of the product return department
| username | password | option_sales | return_id | order_id | customer | product | model | status | info_pages |
| demo | demo | Orders | 38591 | 16537 | wdsqa ascas | HP LP3065 | Product 21 | Awaiting Products | Showing 1 to 1 of 1 (1 Pages) | [Fernando filtro opencart [Fernando enters 'demo' into Enter username, Fernando enters 'demo' into Enter password, Fernando clicks on Press login button, Fernando clicks on Press menu sale, Fernando clicks on Press option orders, Fernando enters '38591' into Input returns ID]]], Then Know the list of existing products in return, Example: {username=demo, password=demo, option_sales=Returns, return_id=38591, order_id=, customer=, product=, model=, status=Awaiting Products, info_pages=Showing 1 to 1 of 1 (1 Pages)} [Given User of the Opencart page [Fernando open up [Fernando opens the Open page]], When Consult the information of the product return department
| username | password | option_sales | return_id | order_id | customer | product | model | status | info_pages |
| demo | demo | Returns | 38591 |  |  |  |  | Awaiting Products | Showing 1 to 1 of 1 (1 Pages) | [Fernando filtro opencart [Fernando enters 'demo' into Enter username, Fernando enters 'demo' into Enter password, Fernando clicks on Press login button, Fernando clicks on Press menu sale, Fernando clicks on Press option returns, Fernando enters '38591' into Input returns ID, Fernando enters '' into Input Order ID, Fernando enters '' into Input Customer, Fernando enters '' into Input Product, Fernando enters '' into Input Model, Fernando clicks on Click, Fernando clicks on Input Model, Fernando types 'ARROW_DOWN' in Input Model, Fernando types 'ENTER' in Input Model, Fernando clicks on Input Model, Fernando clicks on Input Model]], Then Know the list of existing products in return]
[Test worker] WARN net.thucydides.core.steps.BaseStepListener - testFinished: As a user, I want to consult through filters the information of the Product Returns:Example: {username=demo, password=demo, option_sales=Returns, return_id=38591, order_id=16537, customer=wdsqa ascas, product=HP LP3065, model=Product 21, status=Awaiting Products, info_pages=Showing 1 to 1 of 1 (1 Pages)} [Given User of the Opencart page [Fernando open up [Fernando opens the Open page]], When Consult the information of the product return department
| username | password | option_sales | return_id | order_id | customer | product | model | status | info_pages |
| demo | demo | Returns | 38591 | 16537 | wdsqa ascas | HP LP3065 | Product 21 | Awaiting Products | Showing 1 to 1 of 1 (1 Pages) | [Fernando filtro opencart [Fernando enters 'demo' into Enter username, Fernando enters 'demo' into Enter password, Fernando clicks on Press login button, Fernando clicks on Press menu sale, Fernando clicks on Press option returns, Fernando enters '38591' into Input returns ID, Fernando enters '16537' into Input Order ID, Fernando enters 'wdsqa ascas' into Input Customer, Fernando enters 'HP LP3065' into Input Product, Fernando enters 'Product 21' into Input Model, Fernando clicks on Click, Fernando clicks on Input Model, Fernando types 'ARROW_DOWN' in Input Model, Fernando types 'ENTER' in Input Model, Fernando clicks on Input Model, Fernando clicks on Input Model]], Then Know the list of existing products in return], Example: {username=demo, password=demo, option_sales=Orders, return_id=38591, order_id=16537, customer=wdsqa ascas, product=HP LP3065, model=Product 21, status=Awaiting Products, info_pages=Showing 1 to 1 of 1 (1 Pages)} [Given User of the Opencart page [Fernando open up [Fernando opens the Open page]], When Consult the information of the product return department
| username | password | option_sales | return_id | order_id | customer | product | model | status | info_pages |
| demo | demo | Orders | 38591 | 16537 | wdsqa ascas | HP LP3065 | Product 21 | Awaiting Products | Showing 1 to 1 of 1 (1 Pages) | [Fernando filtro opencart [Fernando enters 'demo' into Enter username, Fernando enters 'demo' into Enter password, Fernando clicks on Press login button, Fernando clicks on Press menu sale, Fernando clicks on Press option orders, Fernando enters '38591' into Input returns ID]]], Then Know the list of existing products in return, Example: {username=demo, password=demo, option_sales=Returns, return_id=38591, order_id=, customer=, product=, model=, status=Awaiting Products, info_pages=Showing 1 to 1 of 1 (1 Pages)} [Given User of the Opencart page [Fernando open up [Fernando opens the Open page]], When Consult the information of the product return department
| username | password | option_sales | return_id | order_id | customer | product | model | status | info_pages |
| demo | demo | Returns | 38591 |  |  |  |  | Awaiting Products | Showing 1 to 1 of 1 (1 Pages) | [Fernando filtro opencart [Fernando enters 'demo' into Enter username, Fernando enters 'demo' into Enter password, Fernando clicks on Press login button, Fernando clicks on Press menu sale, Fernando clicks on Press option returns, Fernando enters '38591' into Input returns ID, Fernando enters '' into Input Order ID, Fernando enters '' into Input Customer, Fernando enters '' into Input Product, Fernando enters '' into Input Model, Fernando clicks on Click, Fernando clicks on Input Model, Fernando types 'ARROW_DOWN' in Input Model, Fernando types 'ENTER' in Input Model, Fernando clicks on Input Model, Fernando clicks on Input Model]], Then Know the list of existing products in return]
[Test worker] WARN net.thucydides.core.steps.BaseStepListener - TestOutcomes: [As a user, I want to consult through filters the information of the Product Returns:Example: {username=demo, password=demo, option_sales=Returns, return_id=38591, order_id=16537, customer=wdsqa ascas, product=HP LP3065, model=Product 21, status=Awaiting Products, info_pages=Showing 1 to 1 of 1 (1 Pages)} [Given User of the Opencart page [Fernando open up [Fernando opens the Open page]], When Consult the information of the product return department
| username | password | option_sales | return_id | order_id | customer | product | model | status | info_pages |
| demo | demo | Returns | 38591 | 16537 | wdsqa ascas | HP LP3065 | Product 21 | Awaiting Products | Showing 1 to 1 of 1 (1 Pages) | [Fernando filtro opencart [Fernando enters 'demo' into Enter username, Fernando enters 'demo' into Enter password, Fernando clicks on Press login button, Fernando clicks on Press menu sale, Fernando clicks on Press option returns, Fernando enters '38591' into Input returns ID, Fernando enters '16537' into Input Order ID, Fernando enters 'wdsqa ascas' into Input Customer, Fernando enters 'HP LP3065' into Input Product, Fernando enters 'Product 21' into Input Model, Fernando clicks on Click, Fernando clicks on Input Model, Fernando types 'ARROW_DOWN' in Input Model, Fernando types 'ENTER' in Input Model, Fernando clicks on Input Model, Fernando clicks on Input Model]], Then Know the list of existing products in return], Example: {username=demo, password=demo, option_sales=Orders, return_id=38591, order_id=16537, customer=wdsqa ascas, product=HP LP3065, model=Product 21, status=Awaiting Products, info_pages=Showing 1 to 1 of 1 (1 Pages)} [Given User of the Opencart page [Fernando open up [Fernando opens the Open page]], When Consult the information of the product return department
| username | password | option_sales | return_id | order_id | customer | product | model | status | info_pages |
| demo | demo | Orders | 38591 | 16537 | wdsqa ascas | HP LP3065 | Product 21 | Awaiting Products | Showing 1 to 1 of 1 (1 Pages) | [Fernando filtro opencart [Fernando enters 'demo' into Enter username, Fernando enters 'demo' into Enter password, Fernando clicks on Press login button, Fernando clicks on Press menu sale, Fernando clicks on Press option orders, Fernando enters '38591' into Input returns ID]]], Then Know the list of existing products in return, Example: {username=demo, password=demo, option_sales=Returns, return_id=38591, order_id=, customer=, product=, model=, status=Awaiting Products, info_pages=Showing 1 to 1 of 1 (1 Pages)} [Given User of the Opencart page [Fernando open up [Fernando opens the Open page]], When Consult the information of the product return department
| username | password | option_sales | return_id | order_id | customer | product | model | status | info_pages |
| demo | demo | Returns | 38591 |  |  |  |  | Awaiting Products | Showing 1 to 1 of 1 (1 Pages) | [Fernando filtro opencart [Fernando enters 'demo' into Enter username, Fernando enters 'demo' into Enter password, Fernando clicks on Press login button, Fernando clicks on Press menu sale, Fernando clicks on Press option returns, Fernando enters '38591' into Input returns ID, Fernando enters '' into Input Order ID, Fernando enters '' into Input Customer, Fernando enters '' into Input Product, Fernando enters '' into Input Model, Fernando clicks on Click, Fernando clicks on Input Model, Fernando types 'ARROW_DOWN' in Input Model, Fernando types 'ENTER' in Input Model, Fernando clicks on Input Model, Fernando clicks on Input Model]], Then Know the list of existing products in return]]
[Test worker] WARN net.thucydides.core.steps.BaseStepListener - Final testOutcomes: [As a user, I want to consult through filters the information of the Product Returns:Example: {username=demo, password=demo, option_sales=Returns, return_id=38591, order_id=16537, customer=wdsqa ascas, product=HP LP3065, model=Product 21, status=Awaiting Products, info_pages=Showing 1 to 1 of 1 (1 Pages)} [Given User of the Opencart page [Fernando open up [Fernando opens the Open page]], When Consult the information of the product return department
| username | password | option_sales | return_id | order_id | customer | product | model | status | info_pages |
| demo | demo | Returns | 38591 | 16537 | wdsqa ascas | HP LP3065 | Product 21 | Awaiting Products | Showing 1 to 1 of 1 (1 Pages) | [Fernando filtro opencart [Fernando enters 'demo' into Enter username, Fernando enters 'demo' into Enter password, Fernando clicks on Press login button, Fernando clicks on Press menu sale, Fernando clicks on Press option returns, Fernando enters '38591' into Input returns ID, Fernando enters '16537' into Input Order ID, Fernando enters 'wdsqa ascas' into Input Customer, Fernando enters 'HP LP3065' into Input Product, Fernando enters 'Product 21' into Input Model, Fernando clicks on Click, Fernando clicks on Input Model, Fernando types 'ARROW_DOWN' in Input Model, Fernando types 'ENTER' in Input Model, Fernando clicks on Input Model, Fernando clicks on Input Model]], Then Know the list of existing products in return], Example: {username=demo, password=demo, option_sales=Orders, return_id=38591, order_id=16537, customer=wdsqa ascas, product=HP LP3065, model=Product 21, status=Awaiting Products, info_pages=Showing 1 to 1 of 1 (1 Pages)} [Given User of the Opencart page [Fernando open up [Fernando opens the Open page]], When Consult the information of the product return department
| username | password | option_sales | return_id | order_id | customer | product | model | status | info_pages |
| demo | demo | Orders | 38591 | 16537 | wdsqa ascas | HP LP3065 | Product 21 | Awaiting Products | Showing 1 to 1 of 1 (1 Pages) | [Fernando filtro opencart [Fernando enters 'demo' into Enter username, Fernando enters 'demo' into Enter password, Fernando clicks on Press login button, Fernando clicks on Press menu sale, Fernando clicks on Press option orders, Fernando enters '38591' into Input returns ID]]], Then Know the list of existing products in return, Example: {username=demo, password=demo, option_sales=Returns, return_id=38591, order_id=, customer=, product=, model=, status=Awaiting Products, info_pages=Showing 1 to 1 of 1 (1 Pages)} [Given User of the Opencart page [Fernando open up [Fernando opens the Open page]], When Consult the information of the product return department
| username | password | option_sales | return_id | order_id | customer | product | model | status | info_pages |
| demo | demo | Returns | 38591 |  |  |  |  | Awaiting Products | Showing 1 to 1 of 1 (1 Pages) | [Fernando filtro opencart [Fernando enters 'demo' into Enter username, Fernando enters 'demo' into Enter password, Fernando clicks on Press login button, Fernando clicks on Press menu sale, Fernando clicks on Press option returns, Fernando enters '38591' into Input returns ID, Fernando enters '' into Input Order ID, Fernando enters '' into Input Customer, Fernando enters '' into Input Product, Fernando enters '' into Input Model, Fernando clicks on Click, Fernando clicks on Input Model, Fernando types 'ARROW_DOWN' in Input Model, Fernando types 'ENTER' in Input Model, Fernando clicks on Input Model, Fernando clicks on Input Model]], Then Know the list of existing products in return]]
[Test worker] ERROR net.thucydides.core.steps.ConsoleLoggingListener - 
           __  _____ _____ ____ _____   _____ _    ___ _     _____ ____  
  _       / / |_   _| ____/ ___|_   _| |  ___/ \  |_ _| |   | ____|  _ \ 
 (_)_____| |    | | |  _| \___ \ | |   | |_ / _ \  | || |   |  _| | | | |
  _|_____| |    | | | |___ ___) || |   |  _/ ___ \ | || |___| |___| |_| |
 (_)     | |    |_| |_____|____/ |_|   |_|/_/   \_\___|_____|_____|____/ 
          \_\                                                            

TEST FAILED: As a user, I want to consult through filters the information of the Product Returns
--------------------------------------------------------------------------
[Test worker] ERROR net.thucydides.core.steps.ConsoleLoggingListener - TEST FAILED AT STEP Fernando enters '38591' into Input returns ID
[Test worker] ERROR net.thucydides.core.steps.ConsoleLoggingListener - Expected enabled element was not enabled
]]></system-err>
</testsuite>
